<?xml version="1.0" encoding="UTF-8"?>
<!-- Generated by org.testng.reporters.JUnitXMLReporter -->
<testsuite hostname="DESKTOP-576CM0N" ignored="3" name="TS_WEB_001 ::  To perform login, verify Dashboard and Add device from E-Shop and price verification in firefox browser." tests="1" failures="0" timestamp="2020-09-24T12:02:30 IST" time="99.867" errors="0">
  <testcase name="zain_verifyLogin_Dashboard_Price" time="66.795" classname="com.TBlocks_POC.TblocksIndex"/>
  <testcase name="jio_verify2GBPlansPositiveFlow" time="0.0" classname="com.TBlocks_POC.TblocksIndex">
    <ignored/>
  </testcase> <!-- jio_verify2GBPlansPositiveFlow -->
  <testcase name="jio_verify2GBPlansNegativeFlow" time="0.0" classname="com.TBlocks_POC.TblocksIndex">
    <ignored/>
  </testcase> <!-- jio_verify2GBPlansNegativeFlow -->
  <testcase name="test2" time="0.0" classname="com.utils.ZainProvider">
    <ignored/>
  </testcase> <!-- test2 -->
</testsuite> <!-- TS_WEB_001 ::  To perform login, verify Dashboard and Add device from E-Shop and price verification in firefox browser. -->
