<?xml version="1.0" encoding="UTF-8"?>
<testng-results skipped="0" failed="1" ignored="6" total="8" passed="1">
  <reporter-output>
    <line>
      <![CDATA[<br></br><strong>TS_WEB_003 :: To verify 2 GB/Day Packs pricing of plans, validity and benefits.</strong>]]>
    </line>
    <line>
      <![CDATA[<br></br><img src="info.png" alt="Info" height="18" width="18"><font color=#000080>Verify user can see Jio plans screen.</font>]]>
    </line>
    <line>
      <![CDATA[<br></br><img src="pass.png" height="18" width="18"><Strong><font color=#008000>Pass</font></strong>]]>
    </line>
    <line>
      <![CDATA[<br></br><img src="info.png" alt="Info" height="18" width="18"><font color=#000080>Verify pricing of 2GB/Day plans should be as below <br> Verify first plan of 2GB/Day Page.</font>]]>
    </line>
    <line>
      <![CDATA[<br></br><strong>----------------Details on Jio Popular Plans Page-------------</strong>]]>
    </line>
    <line>
      <![CDATA[<br></br><strong>First Plan Price :  : </strong><font color=#9400D3>598</font>]]>
    </line>
    <line>
      <![CDATA[<br></br><strong>First Plan Validity :  : </strong><font color=#9400D3>56 days</font>]]>
    </line>
    <line>
      <![CDATA[<br></br><strong>First Plan Benefits :  : </strong><font color=#9400D3>Unlimited 112GB & Disney+ Hotstar</font>]]>
    </line>
    <line>
      <![CDATA[<br></br><strong>----------------Details of Jio Popular Plans in excel sheet -------------</strong>]]>
    </line>
    <line>
      <![CDATA[<br></br><strong>First plan price :  : </strong><font color=#9400D3>598</font>]]>
    </line>
    <line>
      <![CDATA[<br></br><strong>First plan validity :  : </strong><font color=#9400D3>56 days</font>]]>
    </line>
    <line>
      <![CDATA[<br></br><strong>First Plan Benefits :  : </strong><font color=#9400D3>112GB & Disney+ Hotstar</font>]]>
    </line>
    <line>
      <![CDATA[<br></br><img src="info.png" alt="Info" height="18" width="18"><font color=#000080>Verify first plan 2GB/Day details are same on screen and excel sheet.</font>]]>
    </line>
    <line>
      <![CDATA[<br></br><img src="pass.png" height="18" width="18"><Strong><font color=#008000>Pass</font></strong>]]>
    </line>
    <line>
      <![CDATA[<br></br><img src="info.png" alt="Info" height="18" width="18"><font color=#000080>Verify pricing of 2GB/Day plans should be as below <br> Verify second plan of 2GB/Day Page.</font>]]>
    </line>
    <line>
      <![CDATA[<br></br><strong>----------------Details on Jio Popular Plans Page-------------</strong>]]>
    </line>
    <line>
      <![CDATA[<br></br><strong>Second Plan Price :  : </strong><font color=#9400D3>2599</font>]]>
    </line>
    <line>
      <![CDATA[<br></br><strong>Second Plan Validity :  : </strong><font color=#9400D3>365 days</font>]]>
    </line>
    <line>
      <![CDATA[<br></br><strong>Second Plan Benefits :  : </strong><font color=#9400D3>Unlimited 740GB & Disney+ Hotstar</font>]]>
    </line>
    <line>
      <![CDATA[<br></br><strong>----------------Details of Jio Popular Plans in excel sheet -------------</strong>]]>
    </line>
    <line>
      <![CDATA[<br></br><strong>Second plan price :  : </strong><font color=#9400D3>2599</font>]]>
    </line>
    <line>
      <![CDATA[<br></br><strong>Second plan validity :  : </strong><font color=#9400D3>365 days</font>]]>
    </line>
    <line>
      <![CDATA[<br></br><strong>Second Plan Benefits :  : </strong><font color=#9400D3>740GB & Disney+ Hotstar</font>]]>
    </line>
    <line>
      <![CDATA[<br></br><img src="info.png" alt="Info" height="18" width="18"><font color=#000080>Verify Second plan 2GB/Day details are same on screen and excel sheet.</font>]]>
    </line>
    <line>
      <![CDATA[<br></br><img src="pass.png" height="18" width="18"><Strong><font color=#008000>Pass</font></strong>]]>
    </line>
    <line>
      <![CDATA[<br></br><img src="info.png" alt="Info" height="18" width="18"><font color=#000080>Verify pricing of 2GB/Day plans should be as below <br> Verify third plan of 2GB/Day Page.</font>]]>
    </line>
    <line>
      <![CDATA[<br></br><strong>----------------Details on Jio Popular Plans Page-------------</strong>]]>
    </line>
    <line>
      <![CDATA[<br></br><strong>Third Plan Price :  : </strong><font color=#9400D3>2399</font>]]>
    </line>
    <line>
      <![CDATA[<br></br><strong>Third Plan Validity :  : </strong><font color=#9400D3>365 days</font>]]>
    </line>
    <line>
      <![CDATA[<br></br><strong>Third Plan Benefits :  : </strong><font color=#9400D3>730 GB</font>]]>
    </line>
    <line>
      <![CDATA[<br></br><strong>----------------Details of Jio Popular Plans in excel sheet -------------</strong>]]>
    </line>
    <line>
      <![CDATA[<br></br><strong>Third plan price :  : </strong><font color=#9400D3>2399</font>]]>
    </line>
    <line>
      <![CDATA[<br></br><strong>Third plan validity :  : </strong><font color=#9400D3>365 days</font>]]>
    </line>
    <line>
      <![CDATA[<br></br><strong>Third Plan Benefits :  : </strong><font color=#9400D3>730 GB </font>]]>
    </line>
    <line>
      <![CDATA[<br></br><img src="info.png" alt="Info" height="18" width="18"><font color=#000080>Verify Third plan 2GB/Day details are same on screen and excel sheet.</font>]]>
    </line>
    <line>
      <![CDATA[<br></br><img src="pass.png" height="18" width="18"><Strong><font color=#008000>Pass</font></strong>]]>
    </line>
    <line>
      <![CDATA[<br></br><img src="info.png" alt="Info" height="18" width="18"><font color=#000080>Verify pricing of 2GB/Day plans should be as below <br> Verify forth plan of 2GB/Day Page.</font>]]>
    </line>
    <line>
      <![CDATA[<br></br><strong>----------------Details on Jio Popular Plans Page-------------</strong>]]>
    </line>
    <line>
      <![CDATA[<br></br><strong>Forth Plan Price :  : </strong><font color=#9400D3>599</font>]]>
    </line>
    <line>
      <![CDATA[<br></br><strong>Forth Plan Validity :  : </strong><font color=#9400D3>84 days</font>]]>
    </line>
    <line>
      <![CDATA[<br></br><strong>Forth Plan Benefits :  : </strong><font color=#9400D3>168 GB</font>]]>
    </line>
    <line>
      <![CDATA[<br></br><strong>----------------Details of Jio Popular Plans in excel sheet -------------</strong>]]>
    </line>
    <line>
      <![CDATA[<br></br><strong>Forth plan price :  : </strong><font color=#9400D3>599</font>]]>
    </line>
    <line>
      <![CDATA[<br></br><strong>Forth plan validity :  : </strong><font color=#9400D3>84 days</font>]]>
    </line>
    <line>
      <![CDATA[<br></br><strong>Forth Plan Benefits :  : </strong><font color=#9400D3>168 GB </font>]]>
    </line>
    <line>
      <![CDATA[<br></br><img src="info.png" alt="Info" height="18" width="18"><font color=#000080>Verify Forth plan 2GB/Day details are same on screen and excel sheet.</font>]]>
    </line>
    <line>
      <![CDATA[<br></br><img src="pass.png" height="18" width="18"><Strong><font color=#008000>Pass</font></strong>]]>
    </line>
    <line>
      <![CDATA[<br></br><img src="info.png" alt="Info" height="18" width="18"><font color=#000080>Verify pricing of 2GB/Day plans should be as below <br> Verify fifth plan of 2GB/Day Page.</font>]]>
    </line>
    <line>
      <![CDATA[<br></br><strong>----------------Details on Jio Popular Plans Page-------------</strong>]]>
    </line>
    <line>
      <![CDATA[<br></br><strong>Fifth Plan Price :  : </strong><font color=#9400D3>444</font>]]>
    </line>
    <line>
      <![CDATA[<br></br><strong>Fifth Plan Validity :  : </strong><font color=#9400D3>56 days</font>]]>
    </line>
    <line>
      <![CDATA[<br></br><strong>Fifth Plan Benefits :  : </strong><font color=#9400D3>112 GB</font>]]>
    </line>
    <line>
      <![CDATA[<br></br><strong>----------------Details of Jio Popular Plans in excel sheet -------------</strong>]]>
    </line>
    <line>
      <![CDATA[<br></br><strong>Fifth plan price :  : </strong><font color=#9400D3>444</font>]]>
    </line>
    <line>
      <![CDATA[<br></br><strong>Fifth plan validity :  : </strong><font color=#9400D3>56 days</font>]]>
    </line>
    <line>
      <![CDATA[<br></br><strong>Fifth Plan Benefits :  : </strong><font color=#9400D3>112 GB </font>]]>
    </line>
    <line>
      <![CDATA[<br></br><img src="info.png" alt="Info" height="18" width="18"><font color=#000080>Verify Fifth plan 2GB/Day details are same on screen and excel sheet.</font>]]>
    </line>
    <line>
      <![CDATA[<br></br><img src="pass.png" height="18" width="18"><Strong><font color=#008000>Pass</font></strong>]]>
    </line>
    <line>
      <![CDATA[<br></br><img src="info.png" alt="Info" height="18" width="18"><font color=#000080>Verify pricing of 2GB/Day plans should be as below <br> Verify sixth plan of 2GB/Day Page.</font>]]>
    </line>
    <line>
      <![CDATA[<br></br><strong>----------------Details on Jio Popular Plans Page-------------</strong>]]>
    </line>
    <line>
      <![CDATA[<br></br><strong>Sixth Plan Price :  : </strong><font color=#9400D3>249</font>]]>
    </line>
    <line>
      <![CDATA[<br></br><strong>Sixth Plan Validity :  : </strong><font color=#9400D3>28 days</font>]]>
    </line>
    <line>
      <![CDATA[<br></br><strong>Sixth Plan Benefits :  : </strong><font color=#9400D3>56 GB</font>]]>
    </line>
    <line>
      <![CDATA[<br></br><strong>----------------Details of Jio Popular Plans in excel sheet -------------</strong>]]>
    </line>
    <line>
      <![CDATA[<br></br><strong>Sixth plan price :  : </strong><font color=#9400D3>249</font>]]>
    </line>
    <line>
      <![CDATA[<br></br><strong>Sixth plan validity :  : </strong><font color=#9400D3>28 days</font>]]>
    </line>
    <line>
      <![CDATA[<br></br><strong>Sixth Plan Benefits :  : </strong><font color=#9400D3>56 GB </font>]]>
    </line>
    <line>
      <![CDATA[<br></br><img src="info.png" alt="Info" height="18" width="18"><font color=#000080>Verify Sixth plan 2GB/Day details are same on screen and excel sheet.</font>]]>
    </line>
    <line>
      <![CDATA[<br></br><img src="pass.png" height="18" width="18"><Strong><font color=#008000>Pass</font></strong>]]>
    </line>
    <line>
      <![CDATA[<br></br><strong>TS_WEB_004 :: To verify 2 GB/Day Packs pricing of plans, validity and benefits Negative flow.</strong>]]>
    </line>
    <line>
      <![CDATA[<br></br><img src="info.png" alt="Info" height="18" width="18"><font color=#000080>Verify user can see Jio plans screen.</font>]]>
    </line>
    <line>
      <![CDATA[<br></br><img src="pass.png" height="18" width="18"><Strong><font color=#008000>Pass</font></strong>]]>
    </line>
    <line>
      <![CDATA[<br></br><img src="info.png" alt="Info" height="18" width="18"><font color=#000080>Verify pricing of 2GB/Day plans should be as below <br> Verify first plan of 2GB/Day Page.</font>]]>
    </line>
    <line>
      <![CDATA[<br></br><strong>----------------Details on Jio Popular Plans Page-------------</strong>]]>
    </line>
    <line>
      <![CDATA[<br></br><strong>First Plan Price :  : </strong><font color=#9400D3>598</font>]]>
    </line>
    <line>
      <![CDATA[<br></br><strong>First Plan Validity :  : </strong><font color=#9400D3>56 days</font>]]>
    </line>
    <line>
      <![CDATA[<br></br><strong>First Plan Benefits :  : </strong><font color=#9400D3>Unlimited 112GB & Disney+ Hotstar</font>]]>
    </line>
    <line>
      <![CDATA[<br></br><strong>----------------Details of Jio Popular Plans in excel sheet -------------</strong>]]>
    </line>
    <line>
      <![CDATA[<br></br><strong>First plan price :  : </strong><font color=#9400D3>698</font>]]>
    </line>
    <line>
      <![CDATA[<br></br><strong>First plan validity :  : </strong><font color=#9400D3>30 days</font>]]>
    </line>
    <line>
      <![CDATA[<br></br><strong>First Plan Benefits :  : </strong><font color=#9400D3>112GB & Disney+ Hotstar</font>]]>
    </line>
    <line>
      <![CDATA[<br></br><img src="info.png" alt="Info" height="18" width="18"><font color=#000080>Verify first plan 2GB/Day details are same on screen and excel sheet.</font>]]>
    </line>
    <line>
      <![CDATA[<br></br><br><Strong><font color=#FF0000>--- Failure Screen Image ---</font></strong><br>]]>
    </line>
    <line>
      <![CDATA[<br></br><a href='../test-output/screenshots/0924113754754.png' target='_new'>0924113754754.png</a>]]>
    </line>
    <line>
      <![CDATA[<br></br><img src="fail.png" alt="Fail" height="18" width="18"><Strong><font color=#ff0000>Fail</font></strong>]]>
    </line>
    <line>
      <![CDATA[<br></br><img src="info.png" alt="Info" height="18" width="18"><font color=#000080>Verify pricing of 2GB/Day plans should be as below <br> Verify second plan of 2GB/Day Page.</font>]]>
    </line>
    <line>
      <![CDATA[<br></br><strong>----------------Details on Jio Popular Plans Page-------------</strong>]]>
    </line>
    <line>
      <![CDATA[<br></br><strong>Second Plan Price :  : </strong><font color=#9400D3>2599</font>]]>
    </line>
    <line>
      <![CDATA[<br></br><strong>Second Plan Validity :  : </strong><font color=#9400D3>365 days</font>]]>
    </line>
    <line>
      <![CDATA[<br></br><strong>Second Plan Benefits :  : </strong><font color=#9400D3>Unlimited 740GB & Disney+ Hotstar</font>]]>
    </line>
    <line>
      <![CDATA[<br></br><strong>----------------Details of Jio Popular Plans in excel sheet -------------</strong>]]>
    </line>
    <line>
      <![CDATA[<br></br><strong>Second plan price :  : </strong><font color=#9400D3>2599</font>]]>
    </line>
    <line>
      <![CDATA[<br></br><strong>Second plan validity :  : </strong><font color=#9400D3>365 days</font>]]>
    </line>
    <line>
      <![CDATA[<br></br><strong>Second Plan Benefits :  : </strong><font color=#9400D3>740GB & Disney+ Hotstar</font>]]>
    </line>
    <line>
      <![CDATA[<br></br><img src="info.png" alt="Info" height="18" width="18"><font color=#000080>Verify Second plan 2GB/Day details are same on screen and excel sheet.</font>]]>
    </line>
    <line>
      <![CDATA[<br></br><img src="pass.png" height="18" width="18"><Strong><font color=#008000>Pass</font></strong>]]>
    </line>
    <line>
      <![CDATA[<br></br><img src="info.png" alt="Info" height="18" width="18"><font color=#000080>Verify pricing of 2GB/Day plans should be as below <br> Verify third plan of 2GB/Day Page.</font>]]>
    </line>
    <line>
      <![CDATA[<br></br><strong>----------------Details on Jio Popular Plans Page-------------</strong>]]>
    </line>
    <line>
      <![CDATA[<br></br><strong>Third Plan Price :  : </strong><font color=#9400D3>2399</font>]]>
    </line>
    <line>
      <![CDATA[<br></br><strong>Third Plan Validity :  : </strong><font color=#9400D3>365 days</font>]]>
    </line>
    <line>
      <![CDATA[<br></br><strong>Third Plan Benefits :  : </strong><font color=#9400D3>730 GB</font>]]>
    </line>
    <line>
      <![CDATA[<br></br><strong>----------------Details of Jio Popular Plans in excel sheet -------------</strong>]]>
    </line>
    <line>
      <![CDATA[<br></br><strong>Third plan price :  : </strong><font color=#9400D3>2399</font>]]>
    </line>
    <line>
      <![CDATA[<br></br><strong>Third plan validity :  : </strong><font color=#9400D3>365 days</font>]]>
    </line>
    <line>
      <![CDATA[<br></br><strong>Third Plan Benefits :  : </strong><font color=#9400D3>1 GB </font>]]>
    </line>
    <line>
      <![CDATA[<br></br><img src="info.png" alt="Info" height="18" width="18"><font color=#000080>Verify Third plan 2GB/Day details are same on screen and excel sheet.</font>]]>
    </line>
    <line>
      <![CDATA[<br></br><br><Strong><font color=#FF0000>--- Failure Screen Image ---</font></strong><br>]]>
    </line>
    <line>
      <![CDATA[<br></br><a href='../test-output/screenshots/0924113755611.png' target='_new'>0924113755611.png</a>]]>
    </line>
    <line>
      <![CDATA[<br></br><img src="fail.png" alt="Fail" height="18" width="18"><Strong><font color=#ff0000>Fail</font></strong>]]>
    </line>
    <line>
      <![CDATA[<br></br><img src="info.png" alt="Info" height="18" width="18"><font color=#000080>Verify pricing of 2GB/Day plans should be as below <br> Verify forth plan of 2GB/Day Page.</font>]]>
    </line>
    <line>
      <![CDATA[<br></br><strong>----------------Details on Jio Popular Plans Page-------------</strong>]]>
    </line>
    <line>
      <![CDATA[<br></br><strong>Forth Plan Price :  : </strong><font color=#9400D3>599</font>]]>
    </line>
    <line>
      <![CDATA[<br></br><strong>Forth Plan Validity :  : </strong><font color=#9400D3>84 days</font>]]>
    </line>
    <line>
      <![CDATA[<br></br><strong>Forth Plan Benefits :  : </strong><font color=#9400D3>168 GB</font>]]>
    </line>
    <line>
      <![CDATA[<br></br><strong>----------------Details of Jio Popular Plans in excel sheet -------------</strong>]]>
    </line>
    <line>
      <![CDATA[<br></br><strong>Forth plan price :  : </strong><font color=#9400D3>599</font>]]>
    </line>
    <line>
      <![CDATA[<br></br><strong>Forth plan validity :  : </strong><font color=#9400D3>84 days</font>]]>
    </line>
    <line>
      <![CDATA[<br></br><strong>Forth Plan Benefits :  : </strong><font color=#9400D3>168 GB </font>]]>
    </line>
    <line>
      <![CDATA[<br></br><img src="info.png" alt="Info" height="18" width="18"><font color=#000080>Verify Forth plan 2GB/Day details are same on screen and excel sheet.</font>]]>
    </line>
    <line>
      <![CDATA[<br></br><img src="pass.png" height="18" width="18"><Strong><font color=#008000>Pass</font></strong>]]>
    </line>
    <line>
      <![CDATA[<br></br><img src="info.png" alt="Info" height="18" width="18"><font color=#000080>Verify pricing of 2GB/Day plans should be as below <br> Verify fifth plan of 2GB/Day Page.</font>]]>
    </line>
    <line>
      <![CDATA[<br></br><strong>----------------Details on Jio Popular Plans Page-------------</strong>]]>
    </line>
    <line>
      <![CDATA[<br></br><strong>Fifth Plan Price :  : </strong><font color=#9400D3>444</font>]]>
    </line>
    <line>
      <![CDATA[<br></br><strong>Fifth Plan Validity :  : </strong><font color=#9400D3>56 days</font>]]>
    </line>
    <line>
      <![CDATA[<br></br><strong>Fifth Plan Benefits :  : </strong><font color=#9400D3>112 GB</font>]]>
    </line>
    <line>
      <![CDATA[<br></br><strong>----------------Details of Jio Popular Plans in excel sheet -------------</strong>]]>
    </line>
    <line>
      <![CDATA[<br></br><strong>Fifth plan price :  : </strong><font color=#9400D3>444</font>]]>
    </line>
    <line>
      <![CDATA[<br></br><strong>Fifth plan validity :  : </strong><font color=#9400D3>56 days</font>]]>
    </line>
    <line>
      <![CDATA[<br></br><strong>Fifth Plan Benefits :  : </strong><font color=#9400D3>112 GB </font>]]>
    </line>
    <line>
      <![CDATA[<br></br><img src="info.png" alt="Info" height="18" width="18"><font color=#000080>Verify Fifth plan 2GB/Day details are same on screen and excel sheet.</font>]]>
    </line>
    <line>
      <![CDATA[<br></br><img src="pass.png" height="18" width="18"><Strong><font color=#008000>Pass</font></strong>]]>
    </line>
    <line>
      <![CDATA[<br></br><img src="info.png" alt="Info" height="18" width="18"><font color=#000080>Verify pricing of 2GB/Day plans should be as below <br> Verify sixth plan of 2GB/Day Page.</font>]]>
    </line>
    <line>
      <![CDATA[<br></br><strong>----------------Details on Jio Popular Plans Page-------------</strong>]]>
    </line>
    <line>
      <![CDATA[<br></br><strong>Sixth Plan Price :  : </strong><font color=#9400D3>249</font>]]>
    </line>
    <line>
      <![CDATA[<br></br><strong>Sixth Plan Validity :  : </strong><font color=#9400D3>28 days</font>]]>
    </line>
    <line>
      <![CDATA[<br></br><strong>Sixth Plan Benefits :  : </strong><font color=#9400D3>56 GB</font>]]>
    </line>
    <line>
      <![CDATA[<br></br><strong>----------------Details of Jio Popular Plans in excel sheet -------------</strong>]]>
    </line>
    <line>
      <![CDATA[<br></br><strong>Sixth plan price :  : </strong><font color=#9400D3>2492</font>]]>
    </line>
    <line>
      <![CDATA[<br></br><strong>Sixth plan validity :  : </strong><font color=#9400D3>28 days</font>]]>
    </line>
    <line>
      <![CDATA[<br></br><strong>Sixth Plan Benefits :  : </strong><font color=#9400D3>56 GB </font>]]>
    </line>
    <line>
      <![CDATA[<br></br><img src="info.png" alt="Info" height="18" width="18"><font color=#000080>Verify Sixth plan 2GB/Day details are same on screen and excel sheet.</font>]]>
    </line>
    <line>
      <![CDATA[<br></br><br><Strong><font color=#FF0000>--- Failure Screen Image ---</font></strong><br>]]>
    </line>
    <line>
      <![CDATA[<br></br><a href='../test-output/screenshots/0924113756670.png' target='_new'>0924113756670.png</a>]]>
    </line>
    <line>
      <![CDATA[<br></br><img src="fail.png" alt="Fail" height="18" width="18"><Strong><font color=#ff0000>Fail</font></strong>]]>
    </line>
    <line>
      <![CDATA[<br></br><br><Strong><font color=#FF0000>--- Failure Screen Image ---</font></strong><br>]]>
    </line>
    <line>
      <![CDATA[<br></br><a href='../test-output/screenshots/0924113757434jio_verify2GBPlansNegativeFlow.png' target='_new'>0924113757434jio_verify2GBPlansNegativeFlow.png</a>]]>
    </line>
    <line>
      <![CDATA[<br></br><img src="fail.png" alt="Fail" height="18" width="18"><Strong><font color=#ff0000>Fail</font></strong>]]>
    </line>
    <line>
      <![CDATA[<br></br><strong>Failure Reason: : </strong><font color=#9400D3></font>]]>
    </line>
    <line>
      <![CDATA[<br></br><img src="warning.png" alt="Warning" height="18" width="18">Validation Message : <Strong><font color=#ff0000>java.lang.AssertionError: Test Verification failed, please check test logs.</strong></font>]]>
    </line>
  </reporter-output>
  <suite name="TBlocks_POC_Zain_WebApplication" duration-ms="33785" started-at="2020-09-24T11:37:24 IST" finished-at="2020-09-24T11:37:58 IST">
    <groups>
    </groups>
    <test name="TS_WEB_003 :: To verify 2 GB/Day Packs pricing of plans, validity and benefits." duration-ms="17061" started-at="2020-09-24T11:37:24 IST" finished-at="2020-09-24T11:37:41 IST">
      <class name="com.TBlocks_POC.TblocksIndex">
        <test-method status="PASS" signature="setUp(java.lang.reflect.Method)[pri:0, instance:com.TBlocks_POC.TblocksIndex@5d908d47]" name="setUp" is-config="true" duration-ms="8225" started-at="2020-09-24T11:37:24 IST" finished-at="2020-09-24T11:37:33 IST">
          <params>
            <param index="0">
              <value>
                <![CDATA[public void com.TBlocks_POC.TblocksIndex.jio_verify2GBPlansPositiveFlow() throws java.io.IOException]]>
              </value>
            </param>
          </params>
          <reporter-output>
          </reporter-output>
        </test-method> <!-- setUp -->
        <test-method status="PASS" signature="jio_verify2GBPlansPositiveFlow()[pri:0, instance:com.TBlocks_POC.TblocksIndex@5d908d47]" name="jio_verify2GBPlansPositiveFlow" duration-ms="7829" started-at="2020-09-24T11:37:33 IST" finished-at="2020-09-24T11:37:40 IST">
          <reporter-output>
            <line>
              <![CDATA[<br></br><strong>TS_WEB_003 :: To verify 2 GB/Day Packs pricing of plans, validity and benefits.</strong>]]>
            </line>
            <line>
              <![CDATA[<br></br><img src="info.png" alt="Info" height="18" width="18"><font color=#000080>Verify user can see Jio plans screen.</font>]]>
            </line>
            <line>
              <![CDATA[<br></br><img src="pass.png" height="18" width="18"><Strong><font color=#008000>Pass</font></strong>]]>
            </line>
            <line>
              <![CDATA[<br></br><img src="info.png" alt="Info" height="18" width="18"><font color=#000080>Verify pricing of 2GB/Day plans should be as below <br> Verify first plan of 2GB/Day Page.</font>]]>
            </line>
            <line>
              <![CDATA[<br></br><strong>----------------Details on Jio Popular Plans Page-------------</strong>]]>
            </line>
            <line>
              <![CDATA[<br></br><strong>First Plan Price :  : </strong><font color=#9400D3>598</font>]]>
            </line>
            <line>
              <![CDATA[<br></br><strong>First Plan Validity :  : </strong><font color=#9400D3>56 days</font>]]>
            </line>
            <line>
              <![CDATA[<br></br><strong>First Plan Benefits :  : </strong><font color=#9400D3>Unlimited 112GB & Disney+ Hotstar</font>]]>
            </line>
            <line>
              <![CDATA[<br></br><strong>----------------Details of Jio Popular Plans in excel sheet -------------</strong>]]>
            </line>
            <line>
              <![CDATA[<br></br><strong>First plan price :  : </strong><font color=#9400D3>598</font>]]>
            </line>
            <line>
              <![CDATA[<br></br><strong>First plan validity :  : </strong><font color=#9400D3>56 days</font>]]>
            </line>
            <line>
              <![CDATA[<br></br><strong>First Plan Benefits :  : </strong><font color=#9400D3>112GB & Disney+ Hotstar</font>]]>
            </line>
            <line>
              <![CDATA[<br></br><img src="info.png" alt="Info" height="18" width="18"><font color=#000080>Verify first plan 2GB/Day details are same on screen and excel sheet.</font>]]>
            </line>
            <line>
              <![CDATA[<br></br><img src="pass.png" height="18" width="18"><Strong><font color=#008000>Pass</font></strong>]]>
            </line>
            <line>
              <![CDATA[<br></br><img src="info.png" alt="Info" height="18" width="18"><font color=#000080>Verify pricing of 2GB/Day plans should be as below <br> Verify second plan of 2GB/Day Page.</font>]]>
            </line>
            <line>
              <![CDATA[<br></br><strong>----------------Details on Jio Popular Plans Page-------------</strong>]]>
            </line>
            <line>
              <![CDATA[<br></br><strong>Second Plan Price :  : </strong><font color=#9400D3>2599</font>]]>
            </line>
            <line>
              <![CDATA[<br></br><strong>Second Plan Validity :  : </strong><font color=#9400D3>365 days</font>]]>
            </line>
            <line>
              <![CDATA[<br></br><strong>Second Plan Benefits :  : </strong><font color=#9400D3>Unlimited 740GB & Disney+ Hotstar</font>]]>
            </line>
            <line>
              <![CDATA[<br></br><strong>----------------Details of Jio Popular Plans in excel sheet -------------</strong>]]>
            </line>
            <line>
              <![CDATA[<br></br><strong>Second plan price :  : </strong><font color=#9400D3>2599</font>]]>
            </line>
            <line>
              <![CDATA[<br></br><strong>Second plan validity :  : </strong><font color=#9400D3>365 days</font>]]>
            </line>
            <line>
              <![CDATA[<br></br><strong>Second Plan Benefits :  : </strong><font color=#9400D3>740GB & Disney+ Hotstar</font>]]>
            </line>
            <line>
              <![CDATA[<br></br><img src="info.png" alt="Info" height="18" width="18"><font color=#000080>Verify Second plan 2GB/Day details are same on screen and excel sheet.</font>]]>
            </line>
            <line>
              <![CDATA[<br></br><img src="pass.png" height="18" width="18"><Strong><font color=#008000>Pass</font></strong>]]>
            </line>
            <line>
              <![CDATA[<br></br><img src="info.png" alt="Info" height="18" width="18"><font color=#000080>Verify pricing of 2GB/Day plans should be as below <br> Verify third plan of 2GB/Day Page.</font>]]>
            </line>
            <line>
              <![CDATA[<br></br><strong>----------------Details on Jio Popular Plans Page-------------</strong>]]>
            </line>
            <line>
              <![CDATA[<br></br><strong>Third Plan Price :  : </strong><font color=#9400D3>2399</font>]]>
            </line>
            <line>
              <![CDATA[<br></br><strong>Third Plan Validity :  : </strong><font color=#9400D3>365 days</font>]]>
            </line>
            <line>
              <![CDATA[<br></br><strong>Third Plan Benefits :  : </strong><font color=#9400D3>730 GB</font>]]>
            </line>
            <line>
              <![CDATA[<br></br><strong>----------------Details of Jio Popular Plans in excel sheet -------------</strong>]]>
            </line>
            <line>
              <![CDATA[<br></br><strong>Third plan price :  : </strong><font color=#9400D3>2399</font>]]>
            </line>
            <line>
              <![CDATA[<br></br><strong>Third plan validity :  : </strong><font color=#9400D3>365 days</font>]]>
            </line>
            <line>
              <![CDATA[<br></br><strong>Third Plan Benefits :  : </strong><font color=#9400D3>730 GB </font>]]>
            </line>
            <line>
              <![CDATA[<br></br><img src="info.png" alt="Info" height="18" width="18"><font color=#000080>Verify Third plan 2GB/Day details are same on screen and excel sheet.</font>]]>
            </line>
            <line>
              <![CDATA[<br></br><img src="pass.png" height="18" width="18"><Strong><font color=#008000>Pass</font></strong>]]>
            </line>
            <line>
              <![CDATA[<br></br><img src="info.png" alt="Info" height="18" width="18"><font color=#000080>Verify pricing of 2GB/Day plans should be as below <br> Verify forth plan of 2GB/Day Page.</font>]]>
            </line>
            <line>
              <![CDATA[<br></br><strong>----------------Details on Jio Popular Plans Page-------------</strong>]]>
            </line>
            <line>
              <![CDATA[<br></br><strong>Forth Plan Price :  : </strong><font color=#9400D3>599</font>]]>
            </line>
            <line>
              <![CDATA[<br></br><strong>Forth Plan Validity :  : </strong><font color=#9400D3>84 days</font>]]>
            </line>
            <line>
              <![CDATA[<br></br><strong>Forth Plan Benefits :  : </strong><font color=#9400D3>168 GB</font>]]>
            </line>
            <line>
              <![CDATA[<br></br><strong>----------------Details of Jio Popular Plans in excel sheet -------------</strong>]]>
            </line>
            <line>
              <![CDATA[<br></br><strong>Forth plan price :  : </strong><font color=#9400D3>599</font>]]>
            </line>
            <line>
              <![CDATA[<br></br><strong>Forth plan validity :  : </strong><font color=#9400D3>84 days</font>]]>
            </line>
            <line>
              <![CDATA[<br></br><strong>Forth Plan Benefits :  : </strong><font color=#9400D3>168 GB </font>]]>
            </line>
            <line>
              <![CDATA[<br></br><img src="info.png" alt="Info" height="18" width="18"><font color=#000080>Verify Forth plan 2GB/Day details are same on screen and excel sheet.</font>]]>
            </line>
            <line>
              <![CDATA[<br></br><img src="pass.png" height="18" width="18"><Strong><font color=#008000>Pass</font></strong>]]>
            </line>
            <line>
              <![CDATA[<br></br><img src="info.png" alt="Info" height="18" width="18"><font color=#000080>Verify pricing of 2GB/Day plans should be as below <br> Verify fifth plan of 2GB/Day Page.</font>]]>
            </line>
            <line>
              <![CDATA[<br></br><strong>----------------Details on Jio Popular Plans Page-------------</strong>]]>
            </line>
            <line>
              <![CDATA[<br></br><strong>Fifth Plan Price :  : </strong><font color=#9400D3>444</font>]]>
            </line>
            <line>
              <![CDATA[<br></br><strong>Fifth Plan Validity :  : </strong><font color=#9400D3>56 days</font>]]>
            </line>
            <line>
              <![CDATA[<br></br><strong>Fifth Plan Benefits :  : </strong><font color=#9400D3>112 GB</font>]]>
            </line>
            <line>
              <![CDATA[<br></br><strong>----------------Details of Jio Popular Plans in excel sheet -------------</strong>]]>
            </line>
            <line>
              <![CDATA[<br></br><strong>Fifth plan price :  : </strong><font color=#9400D3>444</font>]]>
            </line>
            <line>
              <![CDATA[<br></br><strong>Fifth plan validity :  : </strong><font color=#9400D3>56 days</font>]]>
            </line>
            <line>
              <![CDATA[<br></br><strong>Fifth Plan Benefits :  : </strong><font color=#9400D3>112 GB </font>]]>
            </line>
            <line>
              <![CDATA[<br></br><img src="info.png" alt="Info" height="18" width="18"><font color=#000080>Verify Fifth plan 2GB/Day details are same on screen and excel sheet.</font>]]>
            </line>
            <line>
              <![CDATA[<br></br><img src="pass.png" height="18" width="18"><Strong><font color=#008000>Pass</font></strong>]]>
            </line>
            <line>
              <![CDATA[<br></br><img src="info.png" alt="Info" height="18" width="18"><font color=#000080>Verify pricing of 2GB/Day plans should be as below <br> Verify sixth plan of 2GB/Day Page.</font>]]>
            </line>
            <line>
              <![CDATA[<br></br><strong>----------------Details on Jio Popular Plans Page-------------</strong>]]>
            </line>
            <line>
              <![CDATA[<br></br><strong>Sixth Plan Price :  : </strong><font color=#9400D3>249</font>]]>
            </line>
            <line>
              <![CDATA[<br></br><strong>Sixth Plan Validity :  : </strong><font color=#9400D3>28 days</font>]]>
            </line>
            <line>
              <![CDATA[<br></br><strong>Sixth Plan Benefits :  : </strong><font color=#9400D3>56 GB</font>]]>
            </line>
            <line>
              <![CDATA[<br></br><strong>----------------Details of Jio Popular Plans in excel sheet -------------</strong>]]>
            </line>
            <line>
              <![CDATA[<br></br><strong>Sixth plan price :  : </strong><font color=#9400D3>249</font>]]>
            </line>
            <line>
              <![CDATA[<br></br><strong>Sixth plan validity :  : </strong><font color=#9400D3>28 days</font>]]>
            </line>
            <line>
              <![CDATA[<br></br><strong>Sixth Plan Benefits :  : </strong><font color=#9400D3>56 GB </font>]]>
            </line>
            <line>
              <![CDATA[<br></br><img src="info.png" alt="Info" height="18" width="18"><font color=#000080>Verify Sixth plan 2GB/Day details are same on screen and excel sheet.</font>]]>
            </line>
            <line>
              <![CDATA[<br></br><img src="pass.png" height="18" width="18"><Strong><font color=#008000>Pass</font></strong>]]>
            </line>
          </reporter-output>
        </test-method> <!-- jio_verify2GBPlansPositiveFlow -->
        <test-method status="PASS" signature="tearDown(org.testng.ITestResult)[pri:0, instance:com.TBlocks_POC.TblocksIndex@5d908d47]" name="tearDown" is-config="true" duration-ms="975" started-at="2020-09-24T11:37:40 IST" finished-at="2020-09-24T11:37:41 IST">
          <params>
            <param index="0">
              <value>
                <![CDATA[[TestResult name=jio_verify2GBPlansPositiveFlow status=SUCCESS method=TblocksIndex.jio_verify2GBPlansPositiveFlow()[pri:0, instance:com.TBlocks_POC.TblocksIndex@5d908d47] output=<br></br><strong>TS_WEB_003 :: To verify 2 GB/Day Packs pricing of plans, validity and benefits.</strong>]]]>
              </value>
            </param>
          </params>
          <reporter-output>
          </reporter-output>
        </test-method> <!-- tearDown -->
      </class> <!-- com.TBlocks_POC.TblocksIndex -->
    </test> <!-- TS_WEB_003 :: To verify 2 GB/Day Packs pricing of plans, validity and benefits. -->
    <test name="TS_WEB_004 :: To verify 2 GB/Day Packs pricing of plans, validity and benefits Negative flow." duration-ms="16695" started-at="2020-09-24T11:37:41 IST" finished-at="2020-09-24T11:37:58 IST">
      <class name="com.TBlocks_POC.TblocksIndex">
        <test-method status="PASS" signature="startReport(org.testng.ITestContext)[pri:0, instance:com.TBlocks_POC.TblocksIndex@50029372]" name="startReport" is-config="true" duration-ms="133" started-at="2020-09-24T11:37:24 IST" finished-at="2020-09-24T11:37:24 IST">
          <params>
            <param index="0">
              <value>
                <![CDATA[org.testng.TestRunner@f14e5bf]]>
              </value>
            </param>
          </params>
          <reporter-output>
          </reporter-output>
        </test-method> <!-- startReport -->
        <test-method status="PASS" signature="setUp(java.lang.reflect.Method)[pri:0, instance:com.TBlocks_POC.TblocksIndex@50029372]" name="setUp" is-config="true" duration-ms="7172" started-at="2020-09-24T11:37:41 IST" finished-at="2020-09-24T11:37:49 IST">
          <params>
            <param index="0">
              <value>
                <![CDATA[public void com.TBlocks_POC.TblocksIndex.jio_verify2GBPlansNegativeFlow() throws java.io.IOException]]>
              </value>
            </param>
          </params>
          <reporter-output>
          </reporter-output>
        </test-method> <!-- setUp -->
        <test-method status="FAIL" signature="jio_verify2GBPlansNegativeFlow()[pri:0, instance:com.TBlocks_POC.TblocksIndex@50029372]" name="jio_verify2GBPlansNegativeFlow" duration-ms="7900" started-at="2020-09-24T11:37:49 IST" finished-at="2020-09-24T11:37:57 IST">
          <exception class="java.lang.AssertionError">
            <message>
              <![CDATA[Test Verification failed, please check test logs.]]>
            </message>
            <full-stacktrace>
              <![CDATA[java.lang.AssertionError: Test Verification failed, please check test logs.
at org.testng.Assert.fail(Assert.java:99)
at com.TBlocks_POC.TblocksIndex.jio_verify2GBPlansNegativeFlow(TblocksIndex.java:297)
at sun.reflect.NativeMethodAccessorImpl.invoke0(Native Method)
at sun.reflect.NativeMethodAccessorImpl.invoke(NativeMethodAccessorImpl.java:62)
at sun.reflect.DelegatingMethodAccessorImpl.invoke(DelegatingMethodAccessorImpl.java:43)
at java.lang.reflect.Method.invoke(Method.java:498)
at org.testng.internal.MethodInvocationHelper.invokeMethod(MethodInvocationHelper.java:132)
at org.testng.internal.TestInvoker.invokeMethod(TestInvoker.java:599)
at org.testng.internal.TestInvoker.invokeTestMethod(TestInvoker.java:174)
at org.testng.internal.MethodRunner.runInSequence(MethodRunner.java:46)
at org.testng.internal.TestInvoker$MethodInvocationAgent.invoke(TestInvoker.java:822)
at org.testng.internal.TestInvoker.invokeTestMethods(TestInvoker.java:147)
at org.testng.internal.TestMethodWorker.invokeTestMethods(TestMethodWorker.java:146)
at org.testng.internal.TestMethodWorker.run(TestMethodWorker.java:128)
at java.util.ArrayList.forEach(ArrayList.java:1259)
at org.testng.TestRunner.privateRun(TestRunner.java:764)
at org.testng.TestRunner.run(TestRunner.java:585)
at org.testng.SuiteRunner.runTest(SuiteRunner.java:384)
at org.testng.SuiteRunner.runSequentially(SuiteRunner.java:378)
at org.testng.SuiteRunner.privateRun(SuiteRunner.java:337)
at org.testng.SuiteRunner.run(SuiteRunner.java:286)
at org.testng.SuiteRunnerWorker.runSuite(SuiteRunnerWorker.java:53)
at org.testng.SuiteRunnerWorker.run(SuiteRunnerWorker.java:96)
at org.testng.TestNG.runSuitesSequentially(TestNG.java:1218)
at org.testng.TestNG.runSuitesLocally(TestNG.java:1140)
at org.testng.TestNG.runSuites(TestNG.java:1069)
at org.testng.TestNG.run(TestNG.java:1037)
at com.intellij.rt.testng.IDEARemoteTestNG.run(IDEARemoteTestNG.java:66)
at com.intellij.rt.testng.RemoteTestNGStarter.main(RemoteTestNGStarter.java:110)
]]>
            </full-stacktrace>
          </exception> <!-- java.lang.AssertionError -->
          <reporter-output>
            <line>
              <![CDATA[<br></br><strong>TS_WEB_004 :: To verify 2 GB/Day Packs pricing of plans, validity and benefits Negative flow.</strong>]]>
            </line>
            <line>
              <![CDATA[<br></br><img src="info.png" alt="Info" height="18" width="18"><font color=#000080>Verify user can see Jio plans screen.</font>]]>
            </line>
            <line>
              <![CDATA[<br></br><img src="pass.png" height="18" width="18"><Strong><font color=#008000>Pass</font></strong>]]>
            </line>
            <line>
              <![CDATA[<br></br><img src="info.png" alt="Info" height="18" width="18"><font color=#000080>Verify pricing of 2GB/Day plans should be as below <br> Verify first plan of 2GB/Day Page.</font>]]>
            </line>
            <line>
              <![CDATA[<br></br><strong>----------------Details on Jio Popular Plans Page-------------</strong>]]>
            </line>
            <line>
              <![CDATA[<br></br><strong>First Plan Price :  : </strong><font color=#9400D3>598</font>]]>
            </line>
            <line>
              <![CDATA[<br></br><strong>First Plan Validity :  : </strong><font color=#9400D3>56 days</font>]]>
            </line>
            <line>
              <![CDATA[<br></br><strong>First Plan Benefits :  : </strong><font color=#9400D3>Unlimited 112GB & Disney+ Hotstar</font>]]>
            </line>
            <line>
              <![CDATA[<br></br><strong>----------------Details of Jio Popular Plans in excel sheet -------------</strong>]]>
            </line>
            <line>
              <![CDATA[<br></br><strong>First plan price :  : </strong><font color=#9400D3>698</font>]]>
            </line>
            <line>
              <![CDATA[<br></br><strong>First plan validity :  : </strong><font color=#9400D3>30 days</font>]]>
            </line>
            <line>
              <![CDATA[<br></br><strong>First Plan Benefits :  : </strong><font color=#9400D3>112GB & Disney+ Hotstar</font>]]>
            </line>
            <line>
              <![CDATA[<br></br><img src="info.png" alt="Info" height="18" width="18"><font color=#000080>Verify first plan 2GB/Day details are same on screen and excel sheet.</font>]]>
            </line>
            <line>
              <![CDATA[<br></br><br><Strong><font color=#FF0000>--- Failure Screen Image ---</font></strong><br>]]>
            </line>
            <line>
              <![CDATA[<br></br><a href='../test-output/screenshots/0924113754754.png' target='_new'>0924113754754.png</a>]]>
            </line>
            <line>
              <![CDATA[<br></br><img src="fail.png" alt="Fail" height="18" width="18"><Strong><font color=#ff0000>Fail</font></strong>]]>
            </line>
            <line>
              <![CDATA[<br></br><img src="info.png" alt="Info" height="18" width="18"><font color=#000080>Verify pricing of 2GB/Day plans should be as below <br> Verify second plan of 2GB/Day Page.</font>]]>
            </line>
            <line>
              <![CDATA[<br></br><strong>----------------Details on Jio Popular Plans Page-------------</strong>]]>
            </line>
            <line>
              <![CDATA[<br></br><strong>Second Plan Price :  : </strong><font color=#9400D3>2599</font>]]>
            </line>
            <line>
              <![CDATA[<br></br><strong>Second Plan Validity :  : </strong><font color=#9400D3>365 days</font>]]>
            </line>
            <line>
              <![CDATA[<br></br><strong>Second Plan Benefits :  : </strong><font color=#9400D3>Unlimited 740GB & Disney+ Hotstar</font>]]>
            </line>
            <line>
              <![CDATA[<br></br><strong>----------------Details of Jio Popular Plans in excel sheet -------------</strong>]]>
            </line>
            <line>
              <![CDATA[<br></br><strong>Second plan price :  : </strong><font color=#9400D3>2599</font>]]>
            </line>
            <line>
              <![CDATA[<br></br><strong>Second plan validity :  : </strong><font color=#9400D3>365 days</font>]]>
            </line>
            <line>
              <![CDATA[<br></br><strong>Second Plan Benefits :  : </strong><font color=#9400D3>740GB & Disney+ Hotstar</font>]]>
            </line>
            <line>
              <![CDATA[<br></br><img src="info.png" alt="Info" height="18" width="18"><font color=#000080>Verify Second plan 2GB/Day details are same on screen and excel sheet.</font>]]>
            </line>
            <line>
              <![CDATA[<br></br><img src="pass.png" height="18" width="18"><Strong><font color=#008000>Pass</font></strong>]]>
            </line>
            <line>
              <![CDATA[<br></br><img src="info.png" alt="Info" height="18" width="18"><font color=#000080>Verify pricing of 2GB/Day plans should be as below <br> Verify third plan of 2GB/Day Page.</font>]]>
            </line>
            <line>
              <![CDATA[<br></br><strong>----------------Details on Jio Popular Plans Page-------------</strong>]]>
            </line>
            <line>
              <![CDATA[<br></br><strong>Third Plan Price :  : </strong><font color=#9400D3>2399</font>]]>
            </line>
            <line>
              <![CDATA[<br></br><strong>Third Plan Validity :  : </strong><font color=#9400D3>365 days</font>]]>
            </line>
            <line>
              <![CDATA[<br></br><strong>Third Plan Benefits :  : </strong><font color=#9400D3>730 GB</font>]]>
            </line>
            <line>
              <![CDATA[<br></br><strong>----------------Details of Jio Popular Plans in excel sheet -------------</strong>]]>
            </line>
            <line>
              <![CDATA[<br></br><strong>Third plan price :  : </strong><font color=#9400D3>2399</font>]]>
            </line>
            <line>
              <![CDATA[<br></br><strong>Third plan validity :  : </strong><font color=#9400D3>365 days</font>]]>
            </line>
            <line>
              <![CDATA[<br></br><strong>Third Plan Benefits :  : </strong><font color=#9400D3>1 GB </font>]]>
            </line>
            <line>
              <![CDATA[<br></br><img src="info.png" alt="Info" height="18" width="18"><font color=#000080>Verify Third plan 2GB/Day details are same on screen and excel sheet.</font>]]>
            </line>
            <line>
              <![CDATA[<br></br><br><Strong><font color=#FF0000>--- Failure Screen Image ---</font></strong><br>]]>
            </line>
            <line>
              <![CDATA[<br></br><a href='../test-output/screenshots/0924113755611.png' target='_new'>0924113755611.png</a>]]>
            </line>
            <line>
              <![CDATA[<br></br><img src="fail.png" alt="Fail" height="18" width="18"><Strong><font color=#ff0000>Fail</font></strong>]]>
            </line>
            <line>
              <![CDATA[<br></br><img src="info.png" alt="Info" height="18" width="18"><font color=#000080>Verify pricing of 2GB/Day plans should be as below <br> Verify forth plan of 2GB/Day Page.</font>]]>
            </line>
            <line>
              <![CDATA[<br></br><strong>----------------Details on Jio Popular Plans Page-------------</strong>]]>
            </line>
            <line>
              <![CDATA[<br></br><strong>Forth Plan Price :  : </strong><font color=#9400D3>599</font>]]>
            </line>
            <line>
              <![CDATA[<br></br><strong>Forth Plan Validity :  : </strong><font color=#9400D3>84 days</font>]]>
            </line>
            <line>
              <![CDATA[<br></br><strong>Forth Plan Benefits :  : </strong><font color=#9400D3>168 GB</font>]]>
            </line>
            <line>
              <![CDATA[<br></br><strong>----------------Details of Jio Popular Plans in excel sheet -------------</strong>]]>
            </line>
            <line>
              <![CDATA[<br></br><strong>Forth plan price :  : </strong><font color=#9400D3>599</font>]]>
            </line>
            <line>
              <![CDATA[<br></br><strong>Forth plan validity :  : </strong><font color=#9400D3>84 days</font>]]>
            </line>
            <line>
              <![CDATA[<br></br><strong>Forth Plan Benefits :  : </strong><font color=#9400D3>168 GB </font>]]>
            </line>
            <line>
              <![CDATA[<br></br><img src="info.png" alt="Info" height="18" width="18"><font color=#000080>Verify Forth plan 2GB/Day details are same on screen and excel sheet.</font>]]>
            </line>
            <line>
              <![CDATA[<br></br><img src="pass.png" height="18" width="18"><Strong><font color=#008000>Pass</font></strong>]]>
            </line>
            <line>
              <![CDATA[<br></br><img src="info.png" alt="Info" height="18" width="18"><font color=#000080>Verify pricing of 2GB/Day plans should be as below <br> Verify fifth plan of 2GB/Day Page.</font>]]>
            </line>
            <line>
              <![CDATA[<br></br><strong>----------------Details on Jio Popular Plans Page-------------</strong>]]>
            </line>
            <line>
              <![CDATA[<br></br><strong>Fifth Plan Price :  : </strong><font color=#9400D3>444</font>]]>
            </line>
            <line>
              <![CDATA[<br></br><strong>Fifth Plan Validity :  : </strong><font color=#9400D3>56 days</font>]]>
            </line>
            <line>
              <![CDATA[<br></br><strong>Fifth Plan Benefits :  : </strong><font color=#9400D3>112 GB</font>]]>
            </line>
            <line>
              <![CDATA[<br></br><strong>----------------Details of Jio Popular Plans in excel sheet -------------</strong>]]>
            </line>
            <line>
              <![CDATA[<br></br><strong>Fifth plan price :  : </strong><font color=#9400D3>444</font>]]>
            </line>
            <line>
              <![CDATA[<br></br><strong>Fifth plan validity :  : </strong><font color=#9400D3>56 days</font>]]>
            </line>
            <line>
              <![CDATA[<br></br><strong>Fifth Plan Benefits :  : </strong><font color=#9400D3>112 GB </font>]]>
            </line>
            <line>
              <![CDATA[<br></br><img src="info.png" alt="Info" height="18" width="18"><font color=#000080>Verify Fifth plan 2GB/Day details are same on screen and excel sheet.</font>]]>
            </line>
            <line>
              <![CDATA[<br></br><img src="pass.png" height="18" width="18"><Strong><font color=#008000>Pass</font></strong>]]>
            </line>
            <line>
              <![CDATA[<br></br><img src="info.png" alt="Info" height="18" width="18"><font color=#000080>Verify pricing of 2GB/Day plans should be as below <br> Verify sixth plan of 2GB/Day Page.</font>]]>
            </line>
            <line>
              <![CDATA[<br></br><strong>----------------Details on Jio Popular Plans Page-------------</strong>]]>
            </line>
            <line>
              <![CDATA[<br></br><strong>Sixth Plan Price :  : </strong><font color=#9400D3>249</font>]]>
            </line>
            <line>
              <![CDATA[<br></br><strong>Sixth Plan Validity :  : </strong><font color=#9400D3>28 days</font>]]>
            </line>
            <line>
              <![CDATA[<br></br><strong>Sixth Plan Benefits :  : </strong><font color=#9400D3>56 GB</font>]]>
            </line>
            <line>
              <![CDATA[<br></br><strong>----------------Details of Jio Popular Plans in excel sheet -------------</strong>]]>
            </line>
            <line>
              <![CDATA[<br></br><strong>Sixth plan price :  : </strong><font color=#9400D3>2492</font>]]>
            </line>
            <line>
              <![CDATA[<br></br><strong>Sixth plan validity :  : </strong><font color=#9400D3>28 days</font>]]>
            </line>
            <line>
              <![CDATA[<br></br><strong>Sixth Plan Benefits :  : </strong><font color=#9400D3>56 GB </font>]]>
            </line>
            <line>
              <![CDATA[<br></br><img src="info.png" alt="Info" height="18" width="18"><font color=#000080>Verify Sixth plan 2GB/Day details are same on screen and excel sheet.</font>]]>
            </line>
            <line>
              <![CDATA[<br></br><br><Strong><font color=#FF0000>--- Failure Screen Image ---</font></strong><br>]]>
            </line>
            <line>
              <![CDATA[<br></br><a href='../test-output/screenshots/0924113756670.png' target='_new'>0924113756670.png</a>]]>
            </line>
            <line>
              <![CDATA[<br></br><img src="fail.png" alt="Fail" height="18" width="18"><Strong><font color=#ff0000>Fail</font></strong>]]>
            </line>
            <line>
              <![CDATA[<br></br><br><Strong><font color=#FF0000>--- Failure Screen Image ---</font></strong><br>]]>
            </line>
            <line>
              <![CDATA[<br></br><a href='../test-output/screenshots/0924113757434jio_verify2GBPlansNegativeFlow.png' target='_new'>0924113757434jio_verify2GBPlansNegativeFlow.png</a>]]>
            </line>
            <line>
              <![CDATA[<br></br><img src="fail.png" alt="Fail" height="18" width="18"><Strong><font color=#ff0000>Fail</font></strong>]]>
            </line>
            <line>
              <![CDATA[<br></br><strong>Failure Reason: : </strong><font color=#9400D3></font>]]>
            </line>
            <line>
              <![CDATA[<br></br><img src="warning.png" alt="Warning" height="18" width="18">Validation Message : <Strong><font color=#ff0000>java.lang.AssertionError: Test Verification failed, please check test logs.</strong></font>]]>
            </line>
          </reporter-output>
        </test-method> <!-- jio_verify2GBPlansNegativeFlow -->
        <test-method status="PASS" signature="tearDown(org.testng.ITestResult)[pri:0, instance:com.TBlocks_POC.TblocksIndex@50029372]" name="tearDown" is-config="true" duration-ms="1614" started-at="2020-09-24T11:37:57 IST" finished-at="2020-09-24T11:37:58 IST">
          <params>
            <param index="0">
              <value>
                <![CDATA[[TestResult name=jio_verify2GBPlansNegativeFlow status=FAILURE method=TblocksIndex.jio_verify2GBPlansNegativeFlow()[pri:0, instance:com.TBlocks_POC.TblocksIndex@50029372] output=<br></br><strong>TS_WEB_004 :: To verify 2 GB/Day Packs pricing of plans, validity and benefits Negative flow.</strong>]]]>
              </value>
            </param>
          </params>
          <reporter-output>
          </reporter-output>
        </test-method> <!-- tearDown -->
        <test-method status="PASS" signature="endReport()[pri:0, instance:com.TBlocks_POC.TblocksIndex@50029372]" name="endReport" is-config="true" duration-ms="654" started-at="2020-09-24T11:37:58 IST" finished-at="2020-09-24T11:37:59 IST">
          <reporter-output>
          </reporter-output>
        </test-method> <!-- endReport -->
      </class> <!-- com.TBlocks_POC.TblocksIndex -->
    </test> <!-- TS_WEB_004 :: To verify 2 GB/Day Packs pricing of plans, validity and benefits Negative flow. -->
  </suite> <!-- TBlocks_POC_Zain_WebApplication -->
</testng-results>
