<?xml version="1.0" encoding="UTF-8"?>
<!-- Generated by org.testng.reporters.JUnitXMLReporter -->
<testsuite hostname="DESKTOP-576CM0N" ignored="3" name="TS_WEB_003 :: To verify 2 GB/Day Packs pricing of plans, validity and benefits positive flow." tests="1" failures="0" timestamp="2020-09-23T15:47:34 IST" time="55.674" errors="0">
  <testcase name="jio_verify2GBPlansPositiveFlow" time="12.313" classname="com.TBlocks_POC.TblocksIndex"/>
  <testcase name="zain_verifyLogin_Dashboard_Price" time="0.0" classname="com.TBlocks_POC.TblocksIndex">
    <ignored/>
  </testcase> <!-- zain_verifyLogin_Dashboard_Price -->
  <testcase name="jio_Verify2GBPlansPricingNegativeFlow" time="0.0" classname="com.TBlocks_POC.TblocksIndex">
    <ignored/>
  </testcase> <!-- jio_Verify2GBPlansPricingNegativeFlow -->
  <testcase name="test2" time="0.0" classname="com.utils.ZainProvider">
    <ignored/>
  </testcase> <!-- test2 -->
</testsuite> <!-- TS_WEB_003 :: To verify 2 GB/Day Packs pricing of plans, validity and benefits positive flow. -->
