<?xml version="1.0" encoding="UTF-8"?>
<!-- Generated by org.testng.reporters.JUnitXMLReporter -->
<testsuite hostname="DESKTOP-576CM0N" ignored="1" name="Zain_TestScenario :: To perform login, verify Dashboard and Add device from E-Shop" tests="1" failures="0" timestamp="2020-09-16T16:24:34 IST" time="99.096" errors="0">
  <testcase name="testCaseScenario_01" time="85.29" classname="com.Zain.ZainIndex"/>
  <testcase name="test2" time="0.0" classname="com.utils.ZainProvider">
    <ignored/>
  </testcase> <!-- test2 -->
</testsuite> <!-- Zain_TestScenario :: To perform login, verify Dashboard and Add device from E-Shop -->
