<?xml version="1.0" encoding="UTF-8"?>
<!-- Generated by org.testng.reporters.JUnitXMLReporter -->
<testsuite hostname="DESKTOP-576CM0N" ignored="1" name="ZainIndex_TS_WEB_001 ::  To perform login, verify Dashboard and Add device from E-Shop and price verification." tests="1" failures="0" timestamp="2020-09-18T18:43:11 IST" time="91.22" errors="0">
  <testcase name="verifyLogin_Dashboard_Price" time="75.293" classname="com.Zain.ZainIndex"/>
  <testcase name="test2" time="0.0" classname="com.utils.ZainProvider">
    <ignored/>
  </testcase> <!-- test2 -->
</testsuite> <!-- ZainIndex_TS_WEB_001 ::  To perform login, verify Dashboard and Add device from E-Shop and price verification. -->
