<?xml version="1.0" encoding="UTF-8"?>
<testng-results skipped="0" failed="1" ignored="2" total="5" passed="2">
  <reporter-output>
    <line>
      <![CDATA[<br></br><strong>TS_WEB_001 ::  To perform login, verify Dashboard and Add device from E-Shop and price verification.</strong>]]>
    </line>
    <line>
      <![CDATA[<br></br><img src="info.png" alt="Info" height="18" width="18"><font color=#000080>Version is not available for the current build.</font>]]>
    </line>
    <line>
      <![CDATA[<br></br><img src="info.png" alt="Info" height="18" width="18"><font color=#000080>To verify that user can see the home page of the " Zain Web Application " .</font>]]>
    </line>
    <line>
      <![CDATA[<br></br><img src="pass.png" height="18" width="18"><Strong><font color=#008000>Pass</font></strong>]]>
    </line>
    <line>
      <![CDATA[<br></br>Step 1 : Click on My Zain Account button from the top right corner of the web application.]]>
    </line>
    <line>
      <![CDATA[<br></br><img src="info.png" alt="Info" height="18" width="18"><font color=#000080>Verify that user can see " Login Screen " of zain web application with following fields.<br> 1. Zain Logo <br> 2. Login Panel <br> 3. Register Panel<br> 4. Personal Tab<br> 5. Business Tab.
<br> 6. E-Shop Tab.
<br> 7. I am looking for Search field.
<br> 8. Follow us Icons
<br> 9. Footer Text
<br> 10. Header Hyperlinks
</font>]]>
    </line>
    <line>
      <![CDATA[<br></br><img src="pass.png" height="18" width="18"><Strong><font color=#008000>Pass</font></strong>]]>
    </line>
    <line>
      <![CDATA[<br></br>Step 2 : Enter Credentials for login.]]>
    </line>
    <line>
      <![CDATA[<br></br><strong>Email Address : </strong><font color=#9400D3>voicetest290@gmail.com</font>]]>
    </line>
    <line>
      <![CDATA[<br></br>Step 3 : Click on Sign in button.]]>
    </line>
    <line>
      <![CDATA[<br></br><img src="info.png" alt="Info" height="18" width="18"><font color=#000080>Verify user is directed to the dashboard screen after successful login and verify following details.<br> 1. Logged in user name
<br> 2. Add to cart button
<br> 3. Zain Logo
<br> 4. Personal Tab
<br> 5. Business Tab
<br> 6. E-Shop Tab
<br> 7. 5G Tab
<br  8. Notifications dropdown
<br> 9. I am looking for Search field.
<br> 10. Profile Picture of user.
<br> 11. Name 
<br> 12. Nickname
</font>]]>
    </line>
    <line>
      <![CDATA[<br></br><strong>Logged in User Name :  : </strong><font color=#9400D3>Rutu Shah</font>]]>
    </line>
    <line>
      <![CDATA[<br></br><strong>Logged in User's NickName :  : </strong><font color=#9400D3>Rutu</font>]]>
    </line>
    <line>
      <![CDATA[<br></br><img src="pass.png" height="18" width="18"><Strong><font color=#008000>Pass</font></strong>]]>
    </line>
    <line>
      <![CDATA[<br></br>Step 4 : Click on E-Shop Tab.]]>
    </line>
    <line>
      <![CDATA[<br></br><img src="info.png" alt="Info" height="18" width="18"><font color=#000080>Verify user can see E-Shop Screen's content.</font>]]>
    </line>
    <line>
      <![CDATA[<br></br><strong>Total Available Products :  : </strong><font color=#9400D3>5</font>]]>
    </line>
    <line>
      <![CDATA[<br></br><img src="pass.png" height="18" width="18"><Strong><font color=#008000>Pass</font></strong>]]>
    </line>
    <line>
      <![CDATA[<br></br>Step 5 : Click on First available product.]]>
    </line>
    <line>
      <![CDATA[<br></br><img src="info.png" alt="Info" height="18" width="18"><font color=#000080>Verify selected product screen.</font>]]>
    </line>
    <line>
      <![CDATA[<br></br><img src="pass.png" height="18" width="18"><Strong><font color=#008000>Pass</font></strong>]]>
    </line>
    <line>
      <![CDATA[<br></br>Step 6 : Observe and click on the first thumbnail.]]>
    </line>
    <line>
      <![CDATA[<br></br><img src="info.png" alt="Info" height="18" width="18"><font color=#000080>Verify user can see information page of the thumbnail.</font>]]>
    </line>
    <line>
      <![CDATA[<br></br><img src="pass.png" height="18" width="18"><Strong><font color=#008000>Pass</font></strong>]]>
    </line>
    <line>
      <![CDATA[<br></br><img src="info.png" alt="Info" height="18" width="18"><font color=#000080>Verify select Iphone SE with black color and model number</font>]]>
    </line>
    <line>
      <![CDATA[<br></br><strong>Currently selected Mobile Color :   : </strong><font color=#9400D3>Black</font>]]>
    </line>
    <line>
      <![CDATA[<br></br><img src="info.png" alt="Info" height="18" width="18"><font color=#000080>Currently selected Mobile Model  : 64 GB</font>]]>
    </line>
    <line>
      <![CDATA[<br></br><img src="info.png" alt="Info" height="18" width="18"><font color=#000080>Currently selected Mobile price   : 1819.00</font>]]>
    </line>
    <line>
      <![CDATA[<br></br><img src="pass.png" height="18" width="18"><Strong><font color=#008000>Pass</font></strong>]]>
    </line>
    <line>
      <![CDATA[<br></br>Step 7 : Click on user name]]>
    </line>
    <line>
      <![CDATA[<br></br>Step 8 : Click on Logout.]]>
    </line>
    <line>
      <![CDATA[<br></br><img src="info.png" alt="Info" height="18" width="18"><font color=#000080>Verify the user is logout successfully.</font>]]>
    </line>
    <line>
      <![CDATA[<br></br><img src="pass.png" height="18" width="18"><Strong><font color=#008000>Pass</font></strong>]]>
    </line>
    <line>
      <![CDATA[ <h2> TS_WEB_002 :: To verify broken links of the web page. </h2>]]>
    </line>
    <line>
      <![CDATA[<h3> WebLink for which broken link is been checked  : -  <a> https://www.jio.com </a> </h3>]]>
    </line>
    <line>
      <![CDATA[<h4> Link Size : 34 </h4> ]]>
    </line>
    <line>
      <![CDATA[ <h4>List of Broken Links </h4>]]>
    </line>
    <line>
      <![CDATA[<br></br><img src="pass.png" height="18" width="18"><Strong><font color=#008000>Pass</font></strong>]]>
    </line>
    <line>
      <![CDATA[https://www.jiosaavn.com/featured/weekly-top-15-hindi/8MT-LQlP35c_ -  <br> is a valid link.]]>
    </line>
    <line>
      <![CDATA[<br> <br>]]>
    </line>
    <line>
      <![CDATA[<br></br><img src="pass.png" height="18" width="18"><Strong><font color=#008000>Pass</font></strong>]]>
    </line>
    <line>
      <![CDATA[https://www.jiosaavn.com/ -  <br> is a valid link.]]>
    </line>
    <line>
      <![CDATA[<br> <br>]]>
    </line>
    <line>
      <![CDATA[<br></br><img src="pass.png" height="18" width="18"><Strong><font color=#008000>Pass</font></strong>]]>
    </line>
    <line>
      <![CDATA[https://www.jio.com/index-old.html -  <br> is a valid link.]]>
    </line>
    <line>
      <![CDATA[<br> <br>]]>
    </line>
    <line>
      <![CDATA[<br></br><img src="pass.png" height="18" width="18"><Strong><font color=#008000>Pass</font></strong>]]>
    </line>
    <line>
      <![CDATA[https://www.jio.com/fiber.html -  <br> is a valid link.]]>
    </line>
    <line>
      <![CDATA[<br> <br>]]>
    </line>
    <line>
      <![CDATA[<br></br><img src="pass.png" height="18" width="18"><Strong><font color=#008000>Pass</font></strong>]]>
    </line>
    <line>
      <![CDATA[https://www.jio.com/shop/cart -  <br> is a valid link.]]>
    </line>
    <line>
      <![CDATA[<br> <br>]]>
    </line>
    <line>
      <![CDATA[<br></br><img src="pass.png" height="18" width="18"><Strong><font color=#008000>Pass</font></strong>]]>
    </line>
    <line>
      <![CDATA[https://www.jio.com/welcome# -  <br> is a valid link.]]>
    </line>
    <line>
      <![CDATA[<br> <br>]]>
    </line>
    <line>
      <![CDATA[<br></br><img src="pass.png" height="18" width="18"><Strong><font color=#008000>Pass</font></strong>]]>
    </line>
    <line>
      <![CDATA[http://www.jio.com/zla/rechargenow -  <br> is a valid link.]]>
    </line>
    <line>
      <![CDATA[<br> <br>]]>
    </line>
    <line>
      <![CDATA[<br></br><img src="pass.png" height="18" width="18"><Strong><font color=#008000>Pass</font></strong>]]>
    </line>
    <line>
      <![CDATA[https://www.jio.com/JioApp/index.html?root=payBillNow -  <br> is a valid link.]]>
    </line>
    <line>
      <![CDATA[<br> <br>]]>
    </line>
    <line>
      <![CDATA[<br></br><img src="pass.png" height="18" width="18"><Strong><font color=#008000>Pass</font></strong>]]>
    </line>
    <line>
      <![CDATA[https://www.jio.com/dashboard/index.html?root=dashboard/myAccount -  <br> is a valid link.]]>
    </line>
    <line>
      <![CDATA[<br> <br>]]>
    </line>
    <line>
      <![CDATA[<br></br><img src="pass.png" height="18" width="18"><Strong><font color=#008000>Pass</font></strong>]]>
    </line>
    <line>
      <![CDATA[https://www.jio.com/dashboard/index.html?root=dashboard/manageAccounts -  <br> is a valid link.]]>
    </line>
    <line>
      <![CDATA[<br> <br>]]>
    </line>
    <line>
      <![CDATA[<br></br><img src="pass.png" height="18" width="18"><Strong><font color=#008000>Pass</font></strong>]]>
    </line>
    <line>
      <![CDATA[https://www.jio.com/selfcare/dashboard/mobility/order-tracking/ -  <br> is a valid link.]]>
    </line>
    <line>
      <![CDATA[<br> <br>]]>
    </line>
    <line>
      <![CDATA[<br></br><img src="pass.png" height="18" width="18"><Strong><font color=#008000>Pass</font></strong>]]>
    </line>
    <line>
      <![CDATA[https://www.jio.com/dashboard/index.html?root=dashboard/manageSupport -  <br> is a valid link.]]>
    </line>
    <line>
      <![CDATA[<br> <br>]]>
    </line>
    <line>
      <![CDATA[<br></br><img src="pass.png" height="18" width="18"><Strong><font color=#008000>Pass</font></strong>]]>
    </line>
    <line>
      <![CDATA[https://www.jio.com/selfcare/signout -  <br> is a valid link.]]>
    </line>
    <line>
      <![CDATA[<br> <br>]]>
    </line>
    <line>
      <![CDATA[<br></br><img src="pass.png" height="18" width="18"><Strong><font color=#008000>Pass</font></strong>]]>
    </line>
    <line>
      <![CDATA[https://www.jio.com/ -  <br> is a valid link.]]>
    </line>
    <line>
      <![CDATA[<br> <br>]]>
    </line>
    <line>
      <![CDATA[<br></br><img src="pass.png" height="18" width="18"><Strong><font color=#008000>Pass</font></strong>]]>
    </line>
    <line>
      <![CDATA[https://www.jio.com/index-old.html -  <br> is a valid link.]]>
    </line>
    <line>
      <![CDATA[<br> <br>]]>
    </line>
    <line>
      <![CDATA[<br></br><img src="pass.png" height="18" width="18"><Strong><font color=#008000>Pass</font></strong>]]>
    </line>
    <line>
      <![CDATA[https://www.jio.com/fiber.html -  <br> is a valid link.]]>
    </line>
    <line>
      <![CDATA[<br> <br>]]>
    </line>
    <line>
      <![CDATA[<br></br><img src="pass.png" height="18" width="18"><Strong><font color=#008000>Pass</font></strong>]]>
    </line>
    <line>
      <![CDATA[https://www.jio.com/welcome# -  <br> is a valid link.]]>
    </line>
    <line>
      <![CDATA[<br> <br>]]>
    </line>
    <line>
      <![CDATA[<br></br><img src="pass.png" height="18" width="18"><Strong><font color=#008000>Pass</font></strong>]]>
    </line>
    <line>
      <![CDATA[https://www.jio.com/en-in/4g-plans -  <br> is a valid link.]]>
    </line>
    <line>
      <![CDATA[<br> <br>]]>
    </line>
    <line>
      <![CDATA[<br></br><img src="pass.png" height="18" width="18"><Strong><font color=#008000>Pass</font></strong>]]>
    </line>
    <line>
      <![CDATA[https://www.jio.com/shop/en-in/c/jiofi -  <br> is a valid link.]]>
    </line>
    <line>
      <![CDATA[<br> <br>]]>
    </line>
    <line>
      <![CDATA[<br></br><img src="pass.png" height="18" width="18"><Strong><font color=#008000>Pass</font></strong>]]>
    </line>
    <line>
      <![CDATA[https://www.jio.com/en-in/apps -  <br> is a valid link.]]>
    </line>
    <line>
      <![CDATA[<br> <br>]]>
    </line>
    <line>
      <![CDATA[<br></br><img src="pass.png" height="18" width="18"><Strong><font color=#008000>Pass</font></strong>]]>
    </line>
    <line>
      <![CDATA[https://www.jio.com/en-in/jio-home-delivery-book-appointment.html -  <br> is a valid link.]]>
    </line>
    <line>
      <![CDATA[<br> <br>]]>
    </line>
    <line>
      <![CDATA[<br></br><img src="pass.png" height="18" width="18"><Strong><font color=#008000>Pass</font></strong>]]>
    </line>
    <line>
      <![CDATA[https://www.jio.com/en-in/selfhelp -  <br> is a valid link.]]>
    </line>
    <line>
      <![CDATA[<br> <br>]]>
    </line>
    <line>
      <![CDATA[<br></br><img src="pass.png" height="18" width="18"><Strong><font color=#008000>Pass</font></strong>]]>
    </line>
    <line>
      <![CDATA[http://www.jio.com/zla/rechargenow -  <br> is a valid link.]]>
    </line>
    <line>
      <![CDATA[<br> <br>]]>
    </line>
    <line>
      <![CDATA[<br></br><img src="pass.png" height="18" width="18"><Strong><font color=#008000>Pass</font></strong>]]>
    </line>
    <line>
      <![CDATA[https://www.jio.com/JioApp/index.html?root=payBillNow -  <br> is a valid link.]]>
    </line>
    <line>
      <![CDATA[<br> <br>]]>
    </line>
    <line>
      <![CDATA[<br></br><img src="pass.png" height="18" width="18"><Strong><font color=#008000>Pass</font></strong>]]>
    </line>
    <line>
      <![CDATA[https://www.jio.com/dashboard -  <br> is a valid link.]]>
    </line>
    <line>
      <![CDATA[<br> <br>]]>
    </line>
    <line>
      <![CDATA[<br></br><img src="pass.png" height="18" width="18"><Strong><font color=#008000>Pass</font></strong>]]>
    </line>
    <line>
      <![CDATA[https://www.jio.com/welcome# -  <br> is a valid link.]]>
    </line>
    <line>
      <![CDATA[<br> <br>]]>
    </line>
    <line>
      <![CDATA[<br></br><img src="pass.png" height="18" width="18"><Strong><font color=#008000>Pass</font></strong>]]>
    </line>
    <line>
      <![CDATA[https://www.jio.com/dashboard/index.html?root=dashboard/myAccount -  <br> is a valid link.]]>
    </line>
    <line>
      <![CDATA[<br> <br>]]>
    </line>
    <line>
      <![CDATA[<br></br><img src="pass.png" height="18" width="18"><Strong><font color=#008000>Pass</font></strong>]]>
    </line>
    <line>
      <![CDATA[https://www.jio.com/dashboard/index.html?root=dashboard/manageAccounts -  <br> is a valid link.]]>
    </line>
    <line>
      <![CDATA[<br> <br>]]>
    </line>
    <line>
      <![CDATA[<br></br><img src="pass.png" height="18" width="18"><Strong><font color=#008000>Pass</font></strong>]]>
    </line>
    <line>
      <![CDATA[https://www.jio.com/selfcare/dashboard/mobility/order-tracking/ -  <br> is a valid link.]]>
    </line>
    <line>
      <![CDATA[<br> <br>]]>
    </line>
    <line>
      <![CDATA[<br></br><img src="pass.png" height="18" width="18"><Strong><font color=#008000>Pass</font></strong>]]>
    </line>
    <line>
      <![CDATA[https://www.jio.com/dashboard/index.html?root=dashboard/manageSupport -  <br> is a valid link.]]>
    </line>
    <line>
      <![CDATA[<br> <br>]]>
    </line>
    <line>
      <![CDATA[<br></br><img src="pass.png" height="18" width="18"><Strong><font color=#008000>Pass</font></strong>]]>
    </line>
    <line>
      <![CDATA[https://www.jio.com/selfcare/signout -  <br> is a valid link.]]>
    </line>
    <line>
      <![CDATA[<br> <br>]]>
    </line>
    <line>
      <![CDATA[<br></br><img src="pass.png" height="18" width="18"><Strong><font color=#008000>Pass</font></strong>]]>
    </line>
    <line>
      <![CDATA[https://www.jio.com/shop/cart -  <br> is a valid link.]]>
    </line>
    <line>
      <![CDATA[<br> <br>]]>
    </line>
    <line>
      <![CDATA[<br></br><img src="pass.png" height="18" width="18"><Strong><font color=#008000>Pass</font></strong>]]>
    </line>
    <line>
      <![CDATA[https://www.jio.com/fiber.html -  <br> is a valid link.]]>
    </line>
    <line>
      <![CDATA[<br> <br>]]>
    </line>
    <line>
      <![CDATA[<br></br><img src="pass.png" height="18" width="18"><Strong><font color=#008000>Pass</font></strong>]]>
    </line>
    <line>
      <![CDATA[https://www.jio.com/index.html -  <br> is a valid link.]]>
    </line>
    <line>
      <![CDATA[<br> <br>]]>
    </line>
    <line>
      <![CDATA[ <h2> TS_WEB_002 :: To verify broken links of the web page. </h2>]]>
    </line>
    <line>
      <![CDATA[<h3> WebLink for which broken link is been checked  : -  <a> https://www.jio.com/shop/en-in/c/jiofi </a> </h3>]]>
    </line>
    <line>
      <![CDATA[<h4> Link Size : 99 </h4> ]]>
    </line>
    <line>
      <![CDATA[ <h4>List of Broken Links </h4>]]>
    </line>
    <line>
      <![CDATA[<br></br><img src="pass.png" height="18" width="18"><Strong><font color=#008000>Pass</font></strong>]]>
    </line>
    <line>
      <![CDATA[https://www.jio.com/shop/en-in/c/jiofi -  <br> is a valid link.]]>
    </line>
    <line>
      <![CDATA[<br> <br>]]>
    </line>
    <line>
      <![CDATA[<br></br><img src="pass.png" height="18" width="18"><Strong><font color=#008000>Pass</font></strong>]]>
    </line>
    <line>
      <![CDATA[https://www.jio.com/fiber.html -  <br> is a valid link.]]>
    </line>
    <line>
      <![CDATA[<br> <br>]]>
    </line>
    <line>
      <![CDATA[<br></br><img src="pass.png" height="18" width="18"><Strong><font color=#008000>Pass</font></strong>]]>
    </line>
    <line>
      <![CDATA[https://www.jio.com/shop/cart -  <br> is a valid link.]]>
    </line>
    <line>
      <![CDATA[<br> <br>]]>
    </line>
    <line>
      <![CDATA[<br></br><img src="pass.png" height="18" width="18"><Strong><font color=#008000>Pass</font></strong>]]>
    </line>
    <line>
      <![CDATA[https://www.jio.com/shop/en-in/c/jiofi# -  <br> is a valid link.]]>
    </line>
    <line>
      <![CDATA[<br> <br>]]>
    </line>
    <line>
      <![CDATA[<br></br><img src="pass.png" height="18" width="18"><Strong><font color=#008000>Pass</font></strong>]]>
    </line>
    <line>
      <![CDATA[https://www.jio.com/en-in/4g-plans -  <br> is a valid link.]]>
    </line>
    <line>
      <![CDATA[<br> <br>]]>
    </line>
    <line>
      <![CDATA[<br></br><img src="pass.png" height="18" width="18"><Strong><font color=#008000>Pass</font></strong>]]>
    </line>
    <line>
      <![CDATA[https://www.jio.com/shop/c/JioFi -  <br> is a valid link.]]>
    </line>
    <line>
      <![CDATA[<br> <br>]]>
    </line>
    <line>
      <![CDATA[<br></br><img src="pass.png" height="18" width="18"><Strong><font color=#008000>Pass</font></strong>]]>
    </line>
    <line>
      <![CDATA[https://www.jio.com/en-in/apps -  <br> is a valid link.]]>
    </line>
    <line>
      <![CDATA[<br> <br>]]>
    </line>
    <line>
      <![CDATA[<br></br><img src="pass.png" height="18" width="18"><Strong><font color=#008000>Pass</font></strong>]]>
    </line>
    <line>
      <![CDATA[https://www.jio.com/en-in/jio-home-delivery-book-appointment.html -  <br> is a valid link.]]>
    </line>
    <line>
      <![CDATA[<br> <br>]]>
    </line>
    <line>
      <![CDATA[<br></br><img src="pass.png" height="18" width="18"><Strong><font color=#008000>Pass</font></strong>]]>
    </line>
    <line>
      <![CDATA[http://www.jio.com/ -  <br> is a valid link.]]>
    </line>
    <line>
      <![CDATA[<br> <br>]]>
    </line>
    <line>
      <![CDATA[<br></br><img src="pass.png" height="18" width="18"><Strong><font color=#008000>Pass</font></strong>]]>
    </line>
    <line>
      <![CDATA[https://www.jio.com/en-in/selfhelp -  <br> is a valid link.]]>
    </line>
    <line>
      <![CDATA[<br> <br>]]>
    </line>
    <line>
      <![CDATA[<br></br><img src="pass.png" height="18" width="18"><Strong><font color=#008000>Pass</font></strong>]]>
    </line>
    <line>
      <![CDATA[https://www.jio.com/shop/en-in/c/jiofi# -  <br> is a valid link.]]>
    </line>
    <line>
      <![CDATA[<br> <br>]]>
    </line>
    <line>
      <![CDATA[<br></br><img src="pass.png" height="18" width="18"><Strong><font color=#008000>Pass</font></strong>]]>
    </line>
    <line>
      <![CDATA[https://www.jio.com/selfcare/recharge/mobility/ -  <br> is a valid link.]]>
    </line>
    <line>
      <![CDATA[<br> <br>]]>
    </line>
    <line>
      <![CDATA[<br></br><img src="pass.png" height="18" width="18"><Strong><font color=#008000>Pass</font></strong>]]>
    </line>
    <line>
      <![CDATA[https://www.jio.com/shop/en-in/c/jiofi# -  <br> is a valid link.]]>
    </line>
    <line>
      <![CDATA[<br> <br>]]>
    </line>
    <line>
      <![CDATA[<br></br><img src="pass.png" height="18" width="18"><Strong><font color=#008000>Pass</font></strong>]]>
    </line>
    <line>
      <![CDATA[https://www.jio.com/JioApp/index.html?root=payBillNow -  <br> is a valid link.]]>
    </line>
    <line>
      <![CDATA[<br> <br>]]>
    </line>
    <line>
      <![CDATA[<br></br><img src="pass.png" height="18" width="18"><Strong><font color=#008000>Pass</font></strong>]]>
    </line>
    <line>
      <![CDATA[https://www.jio.com/dashboard/ -  <br> is a valid link.]]>
    </line>
    <line>
      <![CDATA[<br> <br>]]>
    </line>
    <line>
      <![CDATA[<br></br><img src="pass.png" height="18" width="18"><Strong><font color=#008000>Pass</font></strong>]]>
    </line>
    <line>
      <![CDATA[https://www.jio.com/dashboard/index.html?root=dashboard/myAccount -  <br> is a valid link.]]>
    </line>
    <line>
      <![CDATA[<br> <br>]]>
    </line>
    <line>
      <![CDATA[<br></br><img src="pass.png" height="18" width="18"><Strong><font color=#008000>Pass</font></strong>]]>
    </line>
    <line>
      <![CDATA[https://www.jio.com/Jio/portal/aboutMe?_adf.ctrl-state=b2hkomc53_4 -  <br> is a valid link.]]>
    </line>
    <line>
      <![CDATA[<br> <br>]]>
    </line>
    <line>
      <![CDATA[<br></br><img src="pass.png" height="18" width="18"><Strong><font color=#008000>Pass</font></strong>]]>
    </line>
    <line>
      <![CDATA[https://www.jio.com/dashboard/index.html?root=dashboard/manageAccounts -  <br> is a valid link.]]>
    </line>
    <line>
      <![CDATA[<br> <br>]]>
    </line>
    <line>
      <![CDATA[<br></br><img src="pass.png" height="18" width="18"><Strong><font color=#008000>Pass</font></strong>]]>
    </line>
    <line>
      <![CDATA[https://www.jio.com/selfcare/dashboard/mobility/order-tracking/ -  <br> is a valid link.]]>
    </line>
    <line>
      <![CDATA[<br> <br>]]>
    </line>
    <line>
      <![CDATA[<br></br><img src="pass.png" height="18" width="18"><Strong><font color=#008000>Pass</font></strong>]]>
    </line>
    <line>
      <![CDATA[https://www.jio.com/dashboard/index.html?root=dashboard/manageSupport -  <br> is a valid link.]]>
    </line>
    <line>
      <![CDATA[<br> <br>]]>
    </line>
    <line>
      <![CDATA[<br></br><img src="fail.png" alt="Fail" height="18" width="18"><Strong><font color=#ff0000>Fail</font></strong>]]>
    </line>
    <line>
      <![CDATA[https://www.jio.com/shop/en-in/c/quick-recharge.html -  <br> is a broken link.]]>
    </line>
    <line>
      <![CDATA[<br> <br>]]>
    </line>
  </reporter-output>
  <suite name="TBlocks_POC_Zain_WebApplication" duration-ms="304524" started-at="2020-09-18T18:41:40 IST" finished-at="2020-09-18T18:46:45 IST">
    <groups>
    </groups>
    <test name="ZainIndex_TS_WEB_001 ::  To perform login, verify Dashboard and Add device from E-Shop and price verification." duration-ms="91220" started-at="2020-09-18T18:41:40 IST" finished-at="2020-09-18T18:43:11 IST">
      <class name="com.Zain.ZainIndex">
        <test-method status="PASS" signature="setUp(java.lang.reflect.Method)[pri:0, instance:com.Zain.ZainIndex@45385f75]" name="setUp" is-config="true" duration-ms="14848" started-at="2020-09-18T18:41:40 IST" finished-at="2020-09-18T18:41:55 IST">
          <params>
            <param index="0">
              <value>
                <![CDATA[public void com.Zain.ZainIndex.verifyLogin_Dashboard_Price(java.lang.String,java.lang.String) throws java.io.IOException]]>
              </value>
            </param>
          </params>
          <reporter-output>
          </reporter-output>
        </test-method> <!-- setUp -->
        <test-method status="PASS" signature="verifyLogin_Dashboard_Price(java.lang.String, java.lang.String)[pri:0, instance:com.Zain.ZainIndex@45385f75]" name="verifyLogin_Dashboard_Price" duration-ms="75293" started-at="2020-09-18T18:41:55 IST" data-provider="Zain" finished-at="2020-09-18T18:43:10 IST">
          <params>
            <param index="0">
              <value>
                <![CDATA[voicetest290@gmail.com]]>
              </value>
            </param>
            <param index="1">
              <value>
                <![CDATA[rutu@123]]>
              </value>
            </param>
          </params>
          <reporter-output>
            <line>
              <![CDATA[<br></br><strong>TS_WEB_001 ::  To perform login, verify Dashboard and Add device from E-Shop and price verification.</strong>]]>
            </line>
            <line>
              <![CDATA[<br></br><img src="info.png" alt="Info" height="18" width="18"><font color=#000080>Version is not available for the current build.</font>]]>
            </line>
            <line>
              <![CDATA[<br></br><img src="info.png" alt="Info" height="18" width="18"><font color=#000080>To verify that user can see the home page of the " Zain Web Application " .</font>]]>
            </line>
            <line>
              <![CDATA[<br></br><img src="pass.png" height="18" width="18"><Strong><font color=#008000>Pass</font></strong>]]>
            </line>
            <line>
              <![CDATA[<br></br>Step 1 : Click on My Zain Account button from the top right corner of the web application.]]>
            </line>
            <line>
              <![CDATA[<br></br><img src="info.png" alt="Info" height="18" width="18"><font color=#000080>Verify that user can see " Login Screen " of zain web application with following fields.<br> 1. Zain Logo <br> 2. Login Panel <br> 3. Register Panel<br> 4. Personal Tab<br> 5. Business Tab.
<br> 6. E-Shop Tab.
<br> 7. I am looking for Search field.
<br> 8. Follow us Icons
<br> 9. Footer Text
<br> 10. Header Hyperlinks
</font>]]>
            </line>
            <line>
              <![CDATA[<br></br><img src="pass.png" height="18" width="18"><Strong><font color=#008000>Pass</font></strong>]]>
            </line>
            <line>
              <![CDATA[<br></br>Step 2 : Enter Credentials for login.]]>
            </line>
            <line>
              <![CDATA[<br></br><strong>Email Address : </strong><font color=#9400D3>voicetest290@gmail.com</font>]]>
            </line>
            <line>
              <![CDATA[<br></br>Step 3 : Click on Sign in button.]]>
            </line>
            <line>
              <![CDATA[<br></br><img src="info.png" alt="Info" height="18" width="18"><font color=#000080>Verify user is directed to the dashboard screen after successful login and verify following details.<br> 1. Logged in user name
<br> 2. Add to cart button
<br> 3. Zain Logo
<br> 4. Personal Tab
<br> 5. Business Tab
<br> 6. E-Shop Tab
<br> 7. 5G Tab
<br  8. Notifications dropdown
<br> 9. I am looking for Search field.
<br> 10. Profile Picture of user.
<br> 11. Name 
<br> 12. Nickname
</font>]]>
            </line>
            <line>
              <![CDATA[<br></br><strong>Logged in User Name :  : </strong><font color=#9400D3>Rutu Shah</font>]]>
            </line>
            <line>
              <![CDATA[<br></br><strong>Logged in User's NickName :  : </strong><font color=#9400D3>Rutu</font>]]>
            </line>
            <line>
              <![CDATA[<br></br><img src="pass.png" height="18" width="18"><Strong><font color=#008000>Pass</font></strong>]]>
            </line>
            <line>
              <![CDATA[<br></br>Step 4 : Click on E-Shop Tab.]]>
            </line>
            <line>
              <![CDATA[<br></br><img src="info.png" alt="Info" height="18" width="18"><font color=#000080>Verify user can see E-Shop Screen's content.</font>]]>
            </line>
            <line>
              <![CDATA[<br></br><strong>Total Available Products :  : </strong><font color=#9400D3>5</font>]]>
            </line>
            <line>
              <![CDATA[<br></br><img src="pass.png" height="18" width="18"><Strong><font color=#008000>Pass</font></strong>]]>
            </line>
            <line>
              <![CDATA[<br></br>Step 5 : Click on First available product.]]>
            </line>
            <line>
              <![CDATA[<br></br><img src="info.png" alt="Info" height="18" width="18"><font color=#000080>Verify selected product screen.</font>]]>
            </line>
            <line>
              <![CDATA[<br></br><img src="pass.png" height="18" width="18"><Strong><font color=#008000>Pass</font></strong>]]>
            </line>
            <line>
              <![CDATA[<br></br>Step 6 : Observe and click on the first thumbnail.]]>
            </line>
            <line>
              <![CDATA[<br></br><img src="info.png" alt="Info" height="18" width="18"><font color=#000080>Verify user can see information page of the thumbnail.</font>]]>
            </line>
            <line>
              <![CDATA[<br></br><img src="pass.png" height="18" width="18"><Strong><font color=#008000>Pass</font></strong>]]>
            </line>
            <line>
              <![CDATA[<br></br><img src="info.png" alt="Info" height="18" width="18"><font color=#000080>Verify select Iphone SE with black color and model number</font>]]>
            </line>
            <line>
              <![CDATA[<br></br><strong>Currently selected Mobile Color :   : </strong><font color=#9400D3>Black</font>]]>
            </line>
            <line>
              <![CDATA[<br></br><img src="info.png" alt="Info" height="18" width="18"><font color=#000080>Currently selected Mobile Model  : 64 GB</font>]]>
            </line>
            <line>
              <![CDATA[<br></br><img src="info.png" alt="Info" height="18" width="18"><font color=#000080>Currently selected Mobile price   : 1819.00</font>]]>
            </line>
            <line>
              <![CDATA[<br></br><img src="pass.png" height="18" width="18"><Strong><font color=#008000>Pass</font></strong>]]>
            </line>
            <line>
              <![CDATA[<br></br>Step 7 : Click on user name]]>
            </line>
            <line>
              <![CDATA[<br></br>Step 8 : Click on Logout.]]>
            </line>
            <line>
              <![CDATA[<br></br><img src="info.png" alt="Info" height="18" width="18"><font color=#000080>Verify the user is logout successfully.</font>]]>
            </line>
            <line>
              <![CDATA[<br></br><img src="pass.png" height="18" width="18"><Strong><font color=#008000>Pass</font></strong>]]>
            </line>
          </reporter-output>
        </test-method> <!-- verifyLogin_Dashboard_Price -->
        <test-method status="PASS" signature="tearDown(org.testng.ITestResult)[pri:0, instance:com.Zain.ZainIndex@45385f75]" name="tearDown" is-config="true" duration-ms="957" started-at="2020-09-18T18:43:10 IST" finished-at="2020-09-18T18:43:11 IST">
          <params>
            <param index="0">
              <value>
                <![CDATA[[TestResult name=verifyLogin_Dashboard_Price status=SUCCESS method=ZainIndex.verifyLogin_Dashboard_Price(java.lang.String, java.lang.String)[pri:0, instance:com.Zain.ZainIndex@45385f75] output=<br></br><strong>TS_WEB_001 ::  To perform login, verify Dashboard and Add device from E-Shop and price verification.</strong>]]]>
              </value>
            </param>
          </params>
          <reporter-output>
          </reporter-output>
        </test-method> <!-- tearDown -->
      </class> <!-- com.Zain.ZainIndex -->
    </test> <!-- ZainIndex_TS_WEB_001 ::  To perform login, verify Dashboard and Add device from E-Shop and price verification. -->
    <test name="BrokenLinks_TS_WEB_002 :: To verify broken links of the web page." duration-ms="213272" started-at="2020-09-18T18:43:11 IST" finished-at="2020-09-18T18:46:45 IST">
      <class name="com.Zain.ZainIndex">
        <test-method status="PASS" signature="startReport(org.testng.ITestContext)[pri:0, instance:com.Zain.ZainIndex@45385f75]" name="startReport" is-config="true" duration-ms="139" started-at="2020-09-18T18:41:40 IST" finished-at="2020-09-18T18:41:40 IST">
          <params>
            <param index="0">
              <value>
                <![CDATA[org.testng.TestRunner@5fa23c]]>
              </value>
            </param>
          </params>
          <reporter-output>
          </reporter-output>
        </test-method> <!-- startReport -->
        <test-method status="PASS" signature="endReport()[pri:0, instance:com.Zain.ZainIndex@45385f75]" name="endReport" is-config="true" duration-ms="490" started-at="2020-09-18T18:46:45 IST" finished-at="2020-09-18T18:46:45 IST">
          <reporter-output>
          </reporter-output>
        </test-method> <!-- endReport -->
      </class> <!-- com.Zain.ZainIndex -->
      <class name="com.Zain.BrokenLinks">
        <test-method status="PASS" signature="BrokenLinkTestCase(java.lang.String)[pri:1, instance:com.Zain.BrokenLinks@6cc4cdb9]" name="BrokenLinkTestCase" duration-ms="130323" started-at="2020-09-18T18:43:11 IST" description="BrokenLinks Checking" data-provider="BrokenLinks" finished-at="2020-09-18T18:45:22 IST">
          <params>
            <param index="0">
              <value>
                <![CDATA[https://www.jio.com]]>
              </value>
            </param>
          </params>
          <reporter-output>
            <line>
              <![CDATA[ <h2> TS_WEB_002 :: To verify broken links of the web page. </h2>]]>
            </line>
            <line>
              <![CDATA[<h3> WebLink for which broken link is been checked  : -  <a> https://www.jio.com </a> </h3>]]>
            </line>
            <line>
              <![CDATA[<h4> Link Size : 34 </h4> ]]>
            </line>
            <line>
              <![CDATA[ <h4>List of Broken Links </h4>]]>
            </line>
            <line>
              <![CDATA[<br></br><img src="pass.png" height="18" width="18"><Strong><font color=#008000>Pass</font></strong>]]>
            </line>
            <line>
              <![CDATA[https://www.jiosaavn.com/featured/weekly-top-15-hindi/8MT-LQlP35c_ -  <br> is a valid link.]]>
            </line>
            <line>
              <![CDATA[<br> <br>]]>
            </line>
            <line>
              <![CDATA[<br></br><img src="pass.png" height="18" width="18"><Strong><font color=#008000>Pass</font></strong>]]>
            </line>
            <line>
              <![CDATA[https://www.jiosaavn.com/ -  <br> is a valid link.]]>
            </line>
            <line>
              <![CDATA[<br> <br>]]>
            </line>
            <line>
              <![CDATA[<br></br><img src="pass.png" height="18" width="18"><Strong><font color=#008000>Pass</font></strong>]]>
            </line>
            <line>
              <![CDATA[https://www.jio.com/index-old.html -  <br> is a valid link.]]>
            </line>
            <line>
              <![CDATA[<br> <br>]]>
            </line>
            <line>
              <![CDATA[<br></br><img src="pass.png" height="18" width="18"><Strong><font color=#008000>Pass</font></strong>]]>
            </line>
            <line>
              <![CDATA[https://www.jio.com/fiber.html -  <br> is a valid link.]]>
            </line>
            <line>
              <![CDATA[<br> <br>]]>
            </line>
            <line>
              <![CDATA[<br></br><img src="pass.png" height="18" width="18"><Strong><font color=#008000>Pass</font></strong>]]>
            </line>
            <line>
              <![CDATA[https://www.jio.com/shop/cart -  <br> is a valid link.]]>
            </line>
            <line>
              <![CDATA[<br> <br>]]>
            </line>
            <line>
              <![CDATA[<br></br><img src="pass.png" height="18" width="18"><Strong><font color=#008000>Pass</font></strong>]]>
            </line>
            <line>
              <![CDATA[https://www.jio.com/welcome# -  <br> is a valid link.]]>
            </line>
            <line>
              <![CDATA[<br> <br>]]>
            </line>
            <line>
              <![CDATA[<br></br><img src="pass.png" height="18" width="18"><Strong><font color=#008000>Pass</font></strong>]]>
            </line>
            <line>
              <![CDATA[http://www.jio.com/zla/rechargenow -  <br> is a valid link.]]>
            </line>
            <line>
              <![CDATA[<br> <br>]]>
            </line>
            <line>
              <![CDATA[<br></br><img src="pass.png" height="18" width="18"><Strong><font color=#008000>Pass</font></strong>]]>
            </line>
            <line>
              <![CDATA[https://www.jio.com/JioApp/index.html?root=payBillNow -  <br> is a valid link.]]>
            </line>
            <line>
              <![CDATA[<br> <br>]]>
            </line>
            <line>
              <![CDATA[<br></br><img src="pass.png" height="18" width="18"><Strong><font color=#008000>Pass</font></strong>]]>
            </line>
            <line>
              <![CDATA[https://www.jio.com/dashboard/index.html?root=dashboard/myAccount -  <br> is a valid link.]]>
            </line>
            <line>
              <![CDATA[<br> <br>]]>
            </line>
            <line>
              <![CDATA[<br></br><img src="pass.png" height="18" width="18"><Strong><font color=#008000>Pass</font></strong>]]>
            </line>
            <line>
              <![CDATA[https://www.jio.com/dashboard/index.html?root=dashboard/manageAccounts -  <br> is a valid link.]]>
            </line>
            <line>
              <![CDATA[<br> <br>]]>
            </line>
            <line>
              <![CDATA[<br></br><img src="pass.png" height="18" width="18"><Strong><font color=#008000>Pass</font></strong>]]>
            </line>
            <line>
              <![CDATA[https://www.jio.com/selfcare/dashboard/mobility/order-tracking/ -  <br> is a valid link.]]>
            </line>
            <line>
              <![CDATA[<br> <br>]]>
            </line>
            <line>
              <![CDATA[<br></br><img src="pass.png" height="18" width="18"><Strong><font color=#008000>Pass</font></strong>]]>
            </line>
            <line>
              <![CDATA[https://www.jio.com/dashboard/index.html?root=dashboard/manageSupport -  <br> is a valid link.]]>
            </line>
            <line>
              <![CDATA[<br> <br>]]>
            </line>
            <line>
              <![CDATA[<br></br><img src="pass.png" height="18" width="18"><Strong><font color=#008000>Pass</font></strong>]]>
            </line>
            <line>
              <![CDATA[https://www.jio.com/selfcare/signout -  <br> is a valid link.]]>
            </line>
            <line>
              <![CDATA[<br> <br>]]>
            </line>
            <line>
              <![CDATA[<br></br><img src="pass.png" height="18" width="18"><Strong><font color=#008000>Pass</font></strong>]]>
            </line>
            <line>
              <![CDATA[https://www.jio.com/ -  <br> is a valid link.]]>
            </line>
            <line>
              <![CDATA[<br> <br>]]>
            </line>
            <line>
              <![CDATA[<br></br><img src="pass.png" height="18" width="18"><Strong><font color=#008000>Pass</font></strong>]]>
            </line>
            <line>
              <![CDATA[https://www.jio.com/index-old.html -  <br> is a valid link.]]>
            </line>
            <line>
              <![CDATA[<br> <br>]]>
            </line>
            <line>
              <![CDATA[<br></br><img src="pass.png" height="18" width="18"><Strong><font color=#008000>Pass</font></strong>]]>
            </line>
            <line>
              <![CDATA[https://www.jio.com/fiber.html -  <br> is a valid link.]]>
            </line>
            <line>
              <![CDATA[<br> <br>]]>
            </line>
            <line>
              <![CDATA[<br></br><img src="pass.png" height="18" width="18"><Strong><font color=#008000>Pass</font></strong>]]>
            </line>
            <line>
              <![CDATA[https://www.jio.com/welcome# -  <br> is a valid link.]]>
            </line>
            <line>
              <![CDATA[<br> <br>]]>
            </line>
            <line>
              <![CDATA[<br></br><img src="pass.png" height="18" width="18"><Strong><font color=#008000>Pass</font></strong>]]>
            </line>
            <line>
              <![CDATA[https://www.jio.com/en-in/4g-plans -  <br> is a valid link.]]>
            </line>
            <line>
              <![CDATA[<br> <br>]]>
            </line>
            <line>
              <![CDATA[<br></br><img src="pass.png" height="18" width="18"><Strong><font color=#008000>Pass</font></strong>]]>
            </line>
            <line>
              <![CDATA[https://www.jio.com/shop/en-in/c/jiofi -  <br> is a valid link.]]>
            </line>
            <line>
              <![CDATA[<br> <br>]]>
            </line>
            <line>
              <![CDATA[<br></br><img src="pass.png" height="18" width="18"><Strong><font color=#008000>Pass</font></strong>]]>
            </line>
            <line>
              <![CDATA[https://www.jio.com/en-in/apps -  <br> is a valid link.]]>
            </line>
            <line>
              <![CDATA[<br> <br>]]>
            </line>
            <line>
              <![CDATA[<br></br><img src="pass.png" height="18" width="18"><Strong><font color=#008000>Pass</font></strong>]]>
            </line>
            <line>
              <![CDATA[https://www.jio.com/en-in/jio-home-delivery-book-appointment.html -  <br> is a valid link.]]>
            </line>
            <line>
              <![CDATA[<br> <br>]]>
            </line>
            <line>
              <![CDATA[<br></br><img src="pass.png" height="18" width="18"><Strong><font color=#008000>Pass</font></strong>]]>
            </line>
            <line>
              <![CDATA[https://www.jio.com/en-in/selfhelp -  <br> is a valid link.]]>
            </line>
            <line>
              <![CDATA[<br> <br>]]>
            </line>
            <line>
              <![CDATA[<br></br><img src="pass.png" height="18" width="18"><Strong><font color=#008000>Pass</font></strong>]]>
            </line>
            <line>
              <![CDATA[http://www.jio.com/zla/rechargenow -  <br> is a valid link.]]>
            </line>
            <line>
              <![CDATA[<br> <br>]]>
            </line>
            <line>
              <![CDATA[<br></br><img src="pass.png" height="18" width="18"><Strong><font color=#008000>Pass</font></strong>]]>
            </line>
            <line>
              <![CDATA[https://www.jio.com/JioApp/index.html?root=payBillNow -  <br> is a valid link.]]>
            </line>
            <line>
              <![CDATA[<br> <br>]]>
            </line>
            <line>
              <![CDATA[<br></br><img src="pass.png" height="18" width="18"><Strong><font color=#008000>Pass</font></strong>]]>
            </line>
            <line>
              <![CDATA[https://www.jio.com/dashboard -  <br> is a valid link.]]>
            </line>
            <line>
              <![CDATA[<br> <br>]]>
            </line>
            <line>
              <![CDATA[<br></br><img src="pass.png" height="18" width="18"><Strong><font color=#008000>Pass</font></strong>]]>
            </line>
            <line>
              <![CDATA[https://www.jio.com/welcome# -  <br> is a valid link.]]>
            </line>
            <line>
              <![CDATA[<br> <br>]]>
            </line>
            <line>
              <![CDATA[<br></br><img src="pass.png" height="18" width="18"><Strong><font color=#008000>Pass</font></strong>]]>
            </line>
            <line>
              <![CDATA[https://www.jio.com/dashboard/index.html?root=dashboard/myAccount -  <br> is a valid link.]]>
            </line>
            <line>
              <![CDATA[<br> <br>]]>
            </line>
            <line>
              <![CDATA[<br></br><img src="pass.png" height="18" width="18"><Strong><font color=#008000>Pass</font></strong>]]>
            </line>
            <line>
              <![CDATA[https://www.jio.com/dashboard/index.html?root=dashboard/manageAccounts -  <br> is a valid link.]]>
            </line>
            <line>
              <![CDATA[<br> <br>]]>
            </line>
            <line>
              <![CDATA[<br></br><img src="pass.png" height="18" width="18"><Strong><font color=#008000>Pass</font></strong>]]>
            </line>
            <line>
              <![CDATA[https://www.jio.com/selfcare/dashboard/mobility/order-tracking/ -  <br> is a valid link.]]>
            </line>
            <line>
              <![CDATA[<br> <br>]]>
            </line>
            <line>
              <![CDATA[<br></br><img src="pass.png" height="18" width="18"><Strong><font color=#008000>Pass</font></strong>]]>
            </line>
            <line>
              <![CDATA[https://www.jio.com/dashboard/index.html?root=dashboard/manageSupport -  <br> is a valid link.]]>
            </line>
            <line>
              <![CDATA[<br> <br>]]>
            </line>
            <line>
              <![CDATA[<br></br><img src="pass.png" height="18" width="18"><Strong><font color=#008000>Pass</font></strong>]]>
            </line>
            <line>
              <![CDATA[https://www.jio.com/selfcare/signout -  <br> is a valid link.]]>
            </line>
            <line>
              <![CDATA[<br> <br>]]>
            </line>
            <line>
              <![CDATA[<br></br><img src="pass.png" height="18" width="18"><Strong><font color=#008000>Pass</font></strong>]]>
            </line>
            <line>
              <![CDATA[https://www.jio.com/shop/cart -  <br> is a valid link.]]>
            </line>
            <line>
              <![CDATA[<br> <br>]]>
            </line>
            <line>
              <![CDATA[<br></br><img src="pass.png" height="18" width="18"><Strong><font color=#008000>Pass</font></strong>]]>
            </line>
            <line>
              <![CDATA[https://www.jio.com/fiber.html -  <br> is a valid link.]]>
            </line>
            <line>
              <![CDATA[<br> <br>]]>
            </line>
            <line>
              <![CDATA[<br></br><img src="pass.png" height="18" width="18"><Strong><font color=#008000>Pass</font></strong>]]>
            </line>
            <line>
              <![CDATA[https://www.jio.com/index.html -  <br> is a valid link.]]>
            </line>
            <line>
              <![CDATA[<br> <br>]]>
            </line>
          </reporter-output>
        </test-method> <!-- BrokenLinkTestCase -->
        <test-method status="FAIL" signature="BrokenLinkTestCase(java.lang.String)[pri:1, instance:com.Zain.BrokenLinks@6cc4cdb9]" name="BrokenLinkTestCase" duration-ms="82056" started-at="2020-09-18T18:45:22 IST" description="BrokenLinks Checking" data-provider="BrokenLinks" finished-at="2020-09-18T18:46:44 IST">
          <params>
            <param index="0">
              <value>
                <![CDATA[https://www.jio.com/shop/en-in/c/jiofi]]>
              </value>
            </param>
          </params>
          <exception class="java.lang.AssertionError">
            <message>
              <![CDATA[Test Verification failed, please check test logs.]]>
            </message>
            <full-stacktrace>
              <![CDATA[java.lang.AssertionError: Test Verification failed, please check test logs.
at org.testng.Assert.fail(Assert.java:99)
at com.Zain.BrokenLinks.BrokenLinkTestCase(BrokenLinks.java:114)
at sun.reflect.NativeMethodAccessorImpl.invoke0(Native Method)
at sun.reflect.NativeMethodAccessorImpl.invoke(NativeMethodAccessorImpl.java:62)
at sun.reflect.DelegatingMethodAccessorImpl.invoke(DelegatingMethodAccessorImpl.java:43)
at java.lang.reflect.Method.invoke(Method.java:498)
at org.testng.internal.MethodInvocationHelper.invokeMethod(MethodInvocationHelper.java:132)
at org.testng.internal.TestInvoker.invokeMethod(TestInvoker.java:599)
at org.testng.internal.TestInvoker.invokeTestMethod(TestInvoker.java:174)
at org.testng.internal.MethodRunner.runInSequence(MethodRunner.java:46)
at org.testng.internal.TestInvoker$MethodInvocationAgent.invoke(TestInvoker.java:822)
at org.testng.internal.TestInvoker.invokeTestMethods(TestInvoker.java:147)
at org.testng.internal.TestMethodWorker.invokeTestMethods(TestMethodWorker.java:146)
at org.testng.internal.TestMethodWorker.run(TestMethodWorker.java:128)
at java.util.ArrayList.forEach(ArrayList.java:1259)
at org.testng.TestRunner.privateRun(TestRunner.java:764)
at org.testng.TestRunner.run(TestRunner.java:585)
at org.testng.SuiteRunner.runTest(SuiteRunner.java:384)
at org.testng.SuiteRunner.runSequentially(SuiteRunner.java:378)
at org.testng.SuiteRunner.privateRun(SuiteRunner.java:337)
at org.testng.SuiteRunner.run(SuiteRunner.java:286)
at org.testng.SuiteRunnerWorker.runSuite(SuiteRunnerWorker.java:53)
at org.testng.SuiteRunnerWorker.run(SuiteRunnerWorker.java:96)
at org.testng.TestNG.runSuitesSequentially(TestNG.java:1218)
at org.testng.TestNG.runSuitesLocally(TestNG.java:1140)
at org.testng.TestNG.runSuites(TestNG.java:1069)
at org.testng.TestNG.run(TestNG.java:1037)
at com.intellij.rt.testng.IDEARemoteTestNG.run(IDEARemoteTestNG.java:66)
at com.intellij.rt.testng.RemoteTestNGStarter.main(RemoteTestNGStarter.java:110)
]]>
            </full-stacktrace>
          </exception> <!-- java.lang.AssertionError -->
          <reporter-output>
            <line>
              <![CDATA[ <h2> TS_WEB_002 :: To verify broken links of the web page. </h2>]]>
            </line>
            <line>
              <![CDATA[<h3> WebLink for which broken link is been checked  : -  <a> https://www.jio.com/shop/en-in/c/jiofi </a> </h3>]]>
            </line>
            <line>
              <![CDATA[<h4> Link Size : 99 </h4> ]]>
            </line>
            <line>
              <![CDATA[ <h4>List of Broken Links </h4>]]>
            </line>
            <line>
              <![CDATA[<br></br><img src="pass.png" height="18" width="18"><Strong><font color=#008000>Pass</font></strong>]]>
            </line>
            <line>
              <![CDATA[https://www.jio.com/shop/en-in/c/jiofi -  <br> is a valid link.]]>
            </line>
            <line>
              <![CDATA[<br> <br>]]>
            </line>
            <line>
              <![CDATA[<br></br><img src="pass.png" height="18" width="18"><Strong><font color=#008000>Pass</font></strong>]]>
            </line>
            <line>
              <![CDATA[https://www.jio.com/fiber.html -  <br> is a valid link.]]>
            </line>
            <line>
              <![CDATA[<br> <br>]]>
            </line>
            <line>
              <![CDATA[<br></br><img src="pass.png" height="18" width="18"><Strong><font color=#008000>Pass</font></strong>]]>
            </line>
            <line>
              <![CDATA[https://www.jio.com/shop/cart -  <br> is a valid link.]]>
            </line>
            <line>
              <![CDATA[<br> <br>]]>
            </line>
            <line>
              <![CDATA[<br></br><img src="pass.png" height="18" width="18"><Strong><font color=#008000>Pass</font></strong>]]>
            </line>
            <line>
              <![CDATA[https://www.jio.com/shop/en-in/c/jiofi# -  <br> is a valid link.]]>
            </line>
            <line>
              <![CDATA[<br> <br>]]>
            </line>
            <line>
              <![CDATA[<br></br><img src="pass.png" height="18" width="18"><Strong><font color=#008000>Pass</font></strong>]]>
            </line>
            <line>
              <![CDATA[https://www.jio.com/en-in/4g-plans -  <br> is a valid link.]]>
            </line>
            <line>
              <![CDATA[<br> <br>]]>
            </line>
            <line>
              <![CDATA[<br></br><img src="pass.png" height="18" width="18"><Strong><font color=#008000>Pass</font></strong>]]>
            </line>
            <line>
              <![CDATA[https://www.jio.com/shop/c/JioFi -  <br> is a valid link.]]>
            </line>
            <line>
              <![CDATA[<br> <br>]]>
            </line>
            <line>
              <![CDATA[<br></br><img src="pass.png" height="18" width="18"><Strong><font color=#008000>Pass</font></strong>]]>
            </line>
            <line>
              <![CDATA[https://www.jio.com/en-in/apps -  <br> is a valid link.]]>
            </line>
            <line>
              <![CDATA[<br> <br>]]>
            </line>
            <line>
              <![CDATA[<br></br><img src="pass.png" height="18" width="18"><Strong><font color=#008000>Pass</font></strong>]]>
            </line>
            <line>
              <![CDATA[https://www.jio.com/en-in/jio-home-delivery-book-appointment.html -  <br> is a valid link.]]>
            </line>
            <line>
              <![CDATA[<br> <br>]]>
            </line>
            <line>
              <![CDATA[<br></br><img src="pass.png" height="18" width="18"><Strong><font color=#008000>Pass</font></strong>]]>
            </line>
            <line>
              <![CDATA[http://www.jio.com/ -  <br> is a valid link.]]>
            </line>
            <line>
              <![CDATA[<br> <br>]]>
            </line>
            <line>
              <![CDATA[<br></br><img src="pass.png" height="18" width="18"><Strong><font color=#008000>Pass</font></strong>]]>
            </line>
            <line>
              <![CDATA[https://www.jio.com/en-in/selfhelp -  <br> is a valid link.]]>
            </line>
            <line>
              <![CDATA[<br> <br>]]>
            </line>
            <line>
              <![CDATA[<br></br><img src="pass.png" height="18" width="18"><Strong><font color=#008000>Pass</font></strong>]]>
            </line>
            <line>
              <![CDATA[https://www.jio.com/shop/en-in/c/jiofi# -  <br> is a valid link.]]>
            </line>
            <line>
              <![CDATA[<br> <br>]]>
            </line>
            <line>
              <![CDATA[<br></br><img src="pass.png" height="18" width="18"><Strong><font color=#008000>Pass</font></strong>]]>
            </line>
            <line>
              <![CDATA[https://www.jio.com/selfcare/recharge/mobility/ -  <br> is a valid link.]]>
            </line>
            <line>
              <![CDATA[<br> <br>]]>
            </line>
            <line>
              <![CDATA[<br></br><img src="pass.png" height="18" width="18"><Strong><font color=#008000>Pass</font></strong>]]>
            </line>
            <line>
              <![CDATA[https://www.jio.com/shop/en-in/c/jiofi# -  <br> is a valid link.]]>
            </line>
            <line>
              <![CDATA[<br> <br>]]>
            </line>
            <line>
              <![CDATA[<br></br><img src="pass.png" height="18" width="18"><Strong><font color=#008000>Pass</font></strong>]]>
            </line>
            <line>
              <![CDATA[https://www.jio.com/JioApp/index.html?root=payBillNow -  <br> is a valid link.]]>
            </line>
            <line>
              <![CDATA[<br> <br>]]>
            </line>
            <line>
              <![CDATA[<br></br><img src="pass.png" height="18" width="18"><Strong><font color=#008000>Pass</font></strong>]]>
            </line>
            <line>
              <![CDATA[https://www.jio.com/dashboard/ -  <br> is a valid link.]]>
            </line>
            <line>
              <![CDATA[<br> <br>]]>
            </line>
            <line>
              <![CDATA[<br></br><img src="pass.png" height="18" width="18"><Strong><font color=#008000>Pass</font></strong>]]>
            </line>
            <line>
              <![CDATA[https://www.jio.com/dashboard/index.html?root=dashboard/myAccount -  <br> is a valid link.]]>
            </line>
            <line>
              <![CDATA[<br> <br>]]>
            </line>
            <line>
              <![CDATA[<br></br><img src="pass.png" height="18" width="18"><Strong><font color=#008000>Pass</font></strong>]]>
            </line>
            <line>
              <![CDATA[https://www.jio.com/Jio/portal/aboutMe?_adf.ctrl-state=b2hkomc53_4 -  <br> is a valid link.]]>
            </line>
            <line>
              <![CDATA[<br> <br>]]>
            </line>
            <line>
              <![CDATA[<br></br><img src="pass.png" height="18" width="18"><Strong><font color=#008000>Pass</font></strong>]]>
            </line>
            <line>
              <![CDATA[https://www.jio.com/dashboard/index.html?root=dashboard/manageAccounts -  <br> is a valid link.]]>
            </line>
            <line>
              <![CDATA[<br> <br>]]>
            </line>
            <line>
              <![CDATA[<br></br><img src="pass.png" height="18" width="18"><Strong><font color=#008000>Pass</font></strong>]]>
            </line>
            <line>
              <![CDATA[https://www.jio.com/selfcare/dashboard/mobility/order-tracking/ -  <br> is a valid link.]]>
            </line>
            <line>
              <![CDATA[<br> <br>]]>
            </line>
            <line>
              <![CDATA[<br></br><img src="pass.png" height="18" width="18"><Strong><font color=#008000>Pass</font></strong>]]>
            </line>
            <line>
              <![CDATA[https://www.jio.com/dashboard/index.html?root=dashboard/manageSupport -  <br> is a valid link.]]>
            </line>
            <line>
              <![CDATA[<br> <br>]]>
            </line>
            <line>
              <![CDATA[<br></br><img src="fail.png" alt="Fail" height="18" width="18"><Strong><font color=#ff0000>Fail</font></strong>]]>
            </line>
            <line>
              <![CDATA[https://www.jio.com/shop/en-in/c/quick-recharge.html -  <br> is a broken link.]]>
            </line>
            <line>
              <![CDATA[<br> <br>]]>
            </line>
          </reporter-output>
        </test-method> <!-- BrokenLinkTestCase -->
        <test-method status="PASS" signature="suiteTearDown()[pri:0, instance:com.Zain.BrokenLinks@6cc4cdb9]" name="suiteTearDown" is-config="true" duration-ms="818" started-at="2020-09-18T18:46:44 IST" finished-at="2020-09-18T18:46:45 IST">
          <reporter-output>
          </reporter-output>
        </test-method> <!-- suiteTearDown -->
      </class> <!-- com.Zain.BrokenLinks -->
    </test> <!-- BrokenLinks_TS_WEB_002 :: To verify broken links of the web page. -->
  </suite> <!-- TBlocks_POC_Zain_WebApplication -->
</testng-results>
