<?xml version="1.0" encoding="UTF-8"?>
<testng-results skipped="0" failed="1" ignored="1" total="3" passed="1">
  <reporter-output>
    <line>
      <![CDATA[ <h2> TS_WEB_002 :: To verify broken links of the web page. </h2>]]>
    </line>
    <line>
      <![CDATA[<h3> WebLink for which broken link is been checked  : -  <a> https://www.jio.com </a> </h3>]]>
    </line>
    <line>
      <![CDATA[<h4> Link Size : 34 </h4> ]]>
    </line>
    <line>
      <![CDATA[ <h4>List of Broken Links </h4>]]>
    </line>
    <line>
      <![CDATA[<br></br><img src="pass.png" height="18" width="18"><Strong><font color=#008000>Pass</font></strong>]]>
    </line>
    <line>
      <![CDATA[https://www.jiosaavn.com/featured/weekly-top-15-hindi/8MT-LQlP35c_ -  <br> is a valid link.]]>
    </line>
    <line>
      <![CDATA[<br> <br>]]>
    </line>
    <line>
      <![CDATA[<br></br><img src="pass.png" height="18" width="18"><Strong><font color=#008000>Pass</font></strong>]]>
    </line>
    <line>
      <![CDATA[https://www.jiosaavn.com/ -  <br> is a valid link.]]>
    </line>
    <line>
      <![CDATA[<br> <br>]]>
    </line>
    <line>
      <![CDATA[<br></br><img src="pass.png" height="18" width="18"><Strong><font color=#008000>Pass</font></strong>]]>
    </line>
    <line>
      <![CDATA[https://www.jio.com/index-old.html -  <br> is a valid link.]]>
    </line>
    <line>
      <![CDATA[<br> <br>]]>
    </line>
    <line>
      <![CDATA[<br></br><img src="pass.png" height="18" width="18"><Strong><font color=#008000>Pass</font></strong>]]>
    </line>
    <line>
      <![CDATA[https://www.jio.com/fiber.html -  <br> is a valid link.]]>
    </line>
    <line>
      <![CDATA[<br> <br>]]>
    </line>
    <line>
      <![CDATA[<br></br><img src="pass.png" height="18" width="18"><Strong><font color=#008000>Pass</font></strong>]]>
    </line>
    <line>
      <![CDATA[https://www.jio.com/shop/cart -  <br> is a valid link.]]>
    </line>
    <line>
      <![CDATA[<br> <br>]]>
    </line>
    <line>
      <![CDATA[<br></br><img src="pass.png" height="18" width="18"><Strong><font color=#008000>Pass</font></strong>]]>
    </line>
    <line>
      <![CDATA[https://www.jio.com/welcome# -  <br> is a valid link.]]>
    </line>
    <line>
      <![CDATA[<br> <br>]]>
    </line>
    <line>
      <![CDATA[<br></br><img src="pass.png" height="18" width="18"><Strong><font color=#008000>Pass</font></strong>]]>
    </line>
    <line>
      <![CDATA[http://www.jio.com/zla/rechargenow -  <br> is a valid link.]]>
    </line>
    <line>
      <![CDATA[<br> <br>]]>
    </line>
    <line>
      <![CDATA[<br></br><img src="pass.png" height="18" width="18"><Strong><font color=#008000>Pass</font></strong>]]>
    </line>
    <line>
      <![CDATA[https://www.jio.com/JioApp/index.html?root=payBillNow -  <br> is a valid link.]]>
    </line>
    <line>
      <![CDATA[<br> <br>]]>
    </line>
    <line>
      <![CDATA[<br></br><img src="pass.png" height="18" width="18"><Strong><font color=#008000>Pass</font></strong>]]>
    </line>
    <line>
      <![CDATA[https://www.jio.com/dashboard/index.html?root=dashboard/myAccount -  <br> is a valid link.]]>
    </line>
    <line>
      <![CDATA[<br> <br>]]>
    </line>
    <line>
      <![CDATA[<br></br><img src="pass.png" height="18" width="18"><Strong><font color=#008000>Pass</font></strong>]]>
    </line>
    <line>
      <![CDATA[https://www.jio.com/dashboard/index.html?root=dashboard/manageAccounts -  <br> is a valid link.]]>
    </line>
    <line>
      <![CDATA[<br> <br>]]>
    </line>
    <line>
      <![CDATA[<br></br><img src="pass.png" height="18" width="18"><Strong><font color=#008000>Pass</font></strong>]]>
    </line>
    <line>
      <![CDATA[https://www.jio.com/selfcare/dashboard/mobility/order-tracking/ -  <br> is a valid link.]]>
    </line>
    <line>
      <![CDATA[<br> <br>]]>
    </line>
    <line>
      <![CDATA[<br></br><img src="pass.png" height="18" width="18"><Strong><font color=#008000>Pass</font></strong>]]>
    </line>
    <line>
      <![CDATA[https://www.jio.com/dashboard/index.html?root=dashboard/manageSupport -  <br> is a valid link.]]>
    </line>
    <line>
      <![CDATA[<br> <br>]]>
    </line>
    <line>
      <![CDATA[<br></br><img src="pass.png" height="18" width="18"><Strong><font color=#008000>Pass</font></strong>]]>
    </line>
    <line>
      <![CDATA[https://www.jio.com/selfcare/signout -  <br> is a valid link.]]>
    </line>
    <line>
      <![CDATA[<br> <br>]]>
    </line>
    <line>
      <![CDATA[<br></br><img src="pass.png" height="18" width="18"><Strong><font color=#008000>Pass</font></strong>]]>
    </line>
    <line>
      <![CDATA[https://www.jio.com/ -  <br> is a valid link.]]>
    </line>
    <line>
      <![CDATA[<br> <br>]]>
    </line>
    <line>
      <![CDATA[<br></br><img src="pass.png" height="18" width="18"><Strong><font color=#008000>Pass</font></strong>]]>
    </line>
    <line>
      <![CDATA[https://www.jio.com/index-old.html -  <br> is a valid link.]]>
    </line>
    <line>
      <![CDATA[<br> <br>]]>
    </line>
    <line>
      <![CDATA[<br></br><img src="pass.png" height="18" width="18"><Strong><font color=#008000>Pass</font></strong>]]>
    </line>
    <line>
      <![CDATA[https://www.jio.com/fiber.html -  <br> is a valid link.]]>
    </line>
    <line>
      <![CDATA[<br> <br>]]>
    </line>
    <line>
      <![CDATA[<br></br><img src="pass.png" height="18" width="18"><Strong><font color=#008000>Pass</font></strong>]]>
    </line>
    <line>
      <![CDATA[https://www.jio.com/welcome# -  <br> is a valid link.]]>
    </line>
    <line>
      <![CDATA[<br> <br>]]>
    </line>
    <line>
      <![CDATA[<br></br><img src="pass.png" height="18" width="18"><Strong><font color=#008000>Pass</font></strong>]]>
    </line>
    <line>
      <![CDATA[https://www.jio.com/en-in/4g-plans -  <br> is a valid link.]]>
    </line>
    <line>
      <![CDATA[<br> <br>]]>
    </line>
    <line>
      <![CDATA[<br></br><img src="pass.png" height="18" width="18"><Strong><font color=#008000>Pass</font></strong>]]>
    </line>
    <line>
      <![CDATA[https://www.jio.com/shop/en-in/c/jiofi -  <br> is a valid link.]]>
    </line>
    <line>
      <![CDATA[<br> <br>]]>
    </line>
    <line>
      <![CDATA[<br></br><img src="pass.png" height="18" width="18"><Strong><font color=#008000>Pass</font></strong>]]>
    </line>
    <line>
      <![CDATA[https://www.jio.com/en-in/apps -  <br> is a valid link.]]>
    </line>
    <line>
      <![CDATA[<br> <br>]]>
    </line>
    <line>
      <![CDATA[<br></br><img src="pass.png" height="18" width="18"><Strong><font color=#008000>Pass</font></strong>]]>
    </line>
    <line>
      <![CDATA[https://www.jio.com/en-in/jio-home-delivery-book-appointment.html -  <br> is a valid link.]]>
    </line>
    <line>
      <![CDATA[<br> <br>]]>
    </line>
    <line>
      <![CDATA[<br></br><img src="pass.png" height="18" width="18"><Strong><font color=#008000>Pass</font></strong>]]>
    </line>
    <line>
      <![CDATA[https://www.jio.com/en-in/selfhelp -  <br> is a valid link.]]>
    </line>
    <line>
      <![CDATA[<br> <br>]]>
    </line>
    <line>
      <![CDATA[<br></br><img src="pass.png" height="18" width="18"><Strong><font color=#008000>Pass</font></strong>]]>
    </line>
    <line>
      <![CDATA[http://www.jio.com/zla/rechargenow -  <br> is a valid link.]]>
    </line>
    <line>
      <![CDATA[<br> <br>]]>
    </line>
    <line>
      <![CDATA[<br></br><img src="pass.png" height="18" width="18"><Strong><font color=#008000>Pass</font></strong>]]>
    </line>
    <line>
      <![CDATA[https://www.jio.com/JioApp/index.html?root=payBillNow -  <br> is a valid link.]]>
    </line>
    <line>
      <![CDATA[<br> <br>]]>
    </line>
    <line>
      <![CDATA[<br></br><img src="pass.png" height="18" width="18"><Strong><font color=#008000>Pass</font></strong>]]>
    </line>
    <line>
      <![CDATA[https://www.jio.com/dashboard -  <br> is a valid link.]]>
    </line>
    <line>
      <![CDATA[<br> <br>]]>
    </line>
    <line>
      <![CDATA[<br></br><img src="pass.png" height="18" width="18"><Strong><font color=#008000>Pass</font></strong>]]>
    </line>
    <line>
      <![CDATA[https://www.jio.com/welcome# -  <br> is a valid link.]]>
    </line>
    <line>
      <![CDATA[<br> <br>]]>
    </line>
    <line>
      <![CDATA[<br></br><img src="pass.png" height="18" width="18"><Strong><font color=#008000>Pass</font></strong>]]>
    </line>
    <line>
      <![CDATA[https://www.jio.com/dashboard/index.html?root=dashboard/myAccount -  <br> is a valid link.]]>
    </line>
    <line>
      <![CDATA[<br> <br>]]>
    </line>
    <line>
      <![CDATA[<br></br><img src="pass.png" height="18" width="18"><Strong><font color=#008000>Pass</font></strong>]]>
    </line>
    <line>
      <![CDATA[https://www.jio.com/dashboard/index.html?root=dashboard/manageAccounts -  <br> is a valid link.]]>
    </line>
    <line>
      <![CDATA[<br> <br>]]>
    </line>
    <line>
      <![CDATA[<br></br><img src="pass.png" height="18" width="18"><Strong><font color=#008000>Pass</font></strong>]]>
    </line>
    <line>
      <![CDATA[https://www.jio.com/selfcare/dashboard/mobility/order-tracking/ -  <br> is a valid link.]]>
    </line>
    <line>
      <![CDATA[<br> <br>]]>
    </line>
    <line>
      <![CDATA[<br></br><img src="pass.png" height="18" width="18"><Strong><font color=#008000>Pass</font></strong>]]>
    </line>
    <line>
      <![CDATA[https://www.jio.com/dashboard/index.html?root=dashboard/manageSupport -  <br> is a valid link.]]>
    </line>
    <line>
      <![CDATA[<br> <br>]]>
    </line>
    <line>
      <![CDATA[<br></br><img src="pass.png" height="18" width="18"><Strong><font color=#008000>Pass</font></strong>]]>
    </line>
    <line>
      <![CDATA[https://www.jio.com/selfcare/signout -  <br> is a valid link.]]>
    </line>
    <line>
      <![CDATA[<br> <br>]]>
    </line>
    <line>
      <![CDATA[<br></br><img src="pass.png" height="18" width="18"><Strong><font color=#008000>Pass</font></strong>]]>
    </line>
    <line>
      <![CDATA[https://www.jio.com/shop/cart -  <br> is a valid link.]]>
    </line>
    <line>
      <![CDATA[<br> <br>]]>
    </line>
    <line>
      <![CDATA[<br></br><img src="pass.png" height="18" width="18"><Strong><font color=#008000>Pass</font></strong>]]>
    </line>
    <line>
      <![CDATA[https://www.jio.com/fiber.html -  <br> is a valid link.]]>
    </line>
    <line>
      <![CDATA[<br> <br>]]>
    </line>
    <line>
      <![CDATA[<br></br><img src="pass.png" height="18" width="18"><Strong><font color=#008000>Pass</font></strong>]]>
    </line>
    <line>
      <![CDATA[https://www.jio.com/index.html -  <br> is a valid link.]]>
    </line>
    <line>
      <![CDATA[<br> <br>]]>
    </line>
    <line>
      <![CDATA[ <h2> TS_WEB_002 :: To verify broken links of the web page. </h2>]]>
    </line>
    <line>
      <![CDATA[<h3> WebLink for which broken link is been checked  : -  <a> https://www.jio.com/shop/en-in/c/jiofi </a> </h3>]]>
    </line>
    <line>
      <![CDATA[<h4> Link Size : 99 </h4> ]]>
    </line>
    <line>
      <![CDATA[ <h4>List of Broken Links </h4>]]>
    </line>
    <line>
      <![CDATA[<br></br><img src="pass.png" height="18" width="18"><Strong><font color=#008000>Pass</font></strong>]]>
    </line>
    <line>
      <![CDATA[https://www.jio.com/shop/en-in/c/jiofi -  <br> is a valid link.]]>
    </line>
    <line>
      <![CDATA[<br> <br>]]>
    </line>
    <line>
      <![CDATA[<br></br><img src="pass.png" height="18" width="18"><Strong><font color=#008000>Pass</font></strong>]]>
    </line>
    <line>
      <![CDATA[https://www.jio.com/fiber.html -  <br> is a valid link.]]>
    </line>
    <line>
      <![CDATA[<br> <br>]]>
    </line>
    <line>
      <![CDATA[<br></br><img src="pass.png" height="18" width="18"><Strong><font color=#008000>Pass</font></strong>]]>
    </line>
    <line>
      <![CDATA[https://www.jio.com/shop/cart -  <br> is a valid link.]]>
    </line>
    <line>
      <![CDATA[<br> <br>]]>
    </line>
    <line>
      <![CDATA[<br></br><img src="pass.png" height="18" width="18"><Strong><font color=#008000>Pass</font></strong>]]>
    </line>
    <line>
      <![CDATA[https://www.jio.com/shop/en-in/c/jiofi# -  <br> is a valid link.]]>
    </line>
    <line>
      <![CDATA[<br> <br>]]>
    </line>
    <line>
      <![CDATA[<br></br><img src="pass.png" height="18" width="18"><Strong><font color=#008000>Pass</font></strong>]]>
    </line>
    <line>
      <![CDATA[https://www.jio.com/en-in/4g-plans -  <br> is a valid link.]]>
    </line>
    <line>
      <![CDATA[<br> <br>]]>
    </line>
    <line>
      <![CDATA[<br></br><img src="pass.png" height="18" width="18"><Strong><font color=#008000>Pass</font></strong>]]>
    </line>
    <line>
      <![CDATA[https://www.jio.com/shop/c/JioFi -  <br> is a valid link.]]>
    </line>
    <line>
      <![CDATA[<br> <br>]]>
    </line>
    <line>
      <![CDATA[<br></br><img src="pass.png" height="18" width="18"><Strong><font color=#008000>Pass</font></strong>]]>
    </line>
    <line>
      <![CDATA[https://www.jio.com/en-in/apps -  <br> is a valid link.]]>
    </line>
    <line>
      <![CDATA[<br> <br>]]>
    </line>
    <line>
      <![CDATA[<br></br><img src="pass.png" height="18" width="18"><Strong><font color=#008000>Pass</font></strong>]]>
    </line>
    <line>
      <![CDATA[https://www.jio.com/en-in/jio-home-delivery-book-appointment.html -  <br> is a valid link.]]>
    </line>
    <line>
      <![CDATA[<br> <br>]]>
    </line>
    <line>
      <![CDATA[<br></br><img src="pass.png" height="18" width="18"><Strong><font color=#008000>Pass</font></strong>]]>
    </line>
    <line>
      <![CDATA[http://www.jio.com/ -  <br> is a valid link.]]>
    </line>
    <line>
      <![CDATA[<br> <br>]]>
    </line>
    <line>
      <![CDATA[<br></br><img src="pass.png" height="18" width="18"><Strong><font color=#008000>Pass</font></strong>]]>
    </line>
    <line>
      <![CDATA[https://www.jio.com/en-in/selfhelp -  <br> is a valid link.]]>
    </line>
    <line>
      <![CDATA[<br> <br>]]>
    </line>
    <line>
      <![CDATA[<br></br><img src="pass.png" height="18" width="18"><Strong><font color=#008000>Pass</font></strong>]]>
    </line>
    <line>
      <![CDATA[https://www.jio.com/shop/en-in/c/jiofi# -  <br> is a valid link.]]>
    </line>
    <line>
      <![CDATA[<br> <br>]]>
    </line>
    <line>
      <![CDATA[<br></br><img src="pass.png" height="18" width="18"><Strong><font color=#008000>Pass</font></strong>]]>
    </line>
    <line>
      <![CDATA[https://www.jio.com/selfcare/recharge/mobility/ -  <br> is a valid link.]]>
    </line>
    <line>
      <![CDATA[<br> <br>]]>
    </line>
    <line>
      <![CDATA[<br></br><img src="pass.png" height="18" width="18"><Strong><font color=#008000>Pass</font></strong>]]>
    </line>
    <line>
      <![CDATA[https://www.jio.com/shop/en-in/c/jiofi# -  <br> is a valid link.]]>
    </line>
    <line>
      <![CDATA[<br> <br>]]>
    </line>
    <line>
      <![CDATA[<br></br><img src="pass.png" height="18" width="18"><Strong><font color=#008000>Pass</font></strong>]]>
    </line>
    <line>
      <![CDATA[https://www.jio.com/JioApp/index.html?root=payBillNow -  <br> is a valid link.]]>
    </line>
    <line>
      <![CDATA[<br> <br>]]>
    </line>
    <line>
      <![CDATA[<br></br><img src="pass.png" height="18" width="18"><Strong><font color=#008000>Pass</font></strong>]]>
    </line>
    <line>
      <![CDATA[https://www.jio.com/dashboard/ -  <br> is a valid link.]]>
    </line>
    <line>
      <![CDATA[<br> <br>]]>
    </line>
    <line>
      <![CDATA[<br></br><img src="pass.png" height="18" width="18"><Strong><font color=#008000>Pass</font></strong>]]>
    </line>
    <line>
      <![CDATA[https://www.jio.com/dashboard/index.html?root=dashboard/myAccount -  <br> is a valid link.]]>
    </line>
    <line>
      <![CDATA[<br> <br>]]>
    </line>
    <line>
      <![CDATA[<br></br><img src="pass.png" height="18" width="18"><Strong><font color=#008000>Pass</font></strong>]]>
    </line>
    <line>
      <![CDATA[https://www.jio.com/Jio/portal/aboutMe?_adf.ctrl-state=b2hkomc53_4 -  <br> is a valid link.]]>
    </line>
    <line>
      <![CDATA[<br> <br>]]>
    </line>
    <line>
      <![CDATA[<br></br><img src="pass.png" height="18" width="18"><Strong><font color=#008000>Pass</font></strong>]]>
    </line>
    <line>
      <![CDATA[https://www.jio.com/dashboard/index.html?root=dashboard/manageAccounts -  <br> is a valid link.]]>
    </line>
    <line>
      <![CDATA[<br> <br>]]>
    </line>
    <line>
      <![CDATA[<br></br><img src="pass.png" height="18" width="18"><Strong><font color=#008000>Pass</font></strong>]]>
    </line>
    <line>
      <![CDATA[https://www.jio.com/selfcare/dashboard/mobility/order-tracking/ -  <br> is a valid link.]]>
    </line>
    <line>
      <![CDATA[<br> <br>]]>
    </line>
    <line>
      <![CDATA[<br></br><img src="pass.png" height="18" width="18"><Strong><font color=#008000>Pass</font></strong>]]>
    </line>
    <line>
      <![CDATA[https://www.jio.com/dashboard/index.html?root=dashboard/manageSupport -  <br> is a valid link.]]>
    </line>
    <line>
      <![CDATA[<br> <br>]]>
    </line>
    <line>
      <![CDATA[<br></br><img src="fail.png" alt="Fail" height="18" width="18"><Strong><font color=#ff0000>Fail</font></strong>]]>
    </line>
    <line>
      <![CDATA[https://www.jio.com/shop/en-in/c/quick-recharge.html -  <br> is a broken link.]]>
    </line>
    <line>
      <![CDATA[<br> <br>]]>
    </line>
  </reporter-output>
  <suite name="Default Suite" duration-ms="248460" started-at="2020-09-21T11:02:25 IST" finished-at="2020-09-21T11:06:34 IST">
    <groups>
    </groups>
    <test name="TBLOCKS_WEB_POC" duration-ms="248460" started-at="2020-09-21T11:02:25 IST" finished-at="2020-09-21T11:06:34 IST">
      <class name="com.Zain.BrokenLinks">
        <test-method status="PASS" signature="BrokenLinkTestCase(java.lang.String)[pri:1, instance:com.Zain.BrokenLinks@7857fe2]" name="BrokenLinkTestCase" duration-ms="158828" started-at="2020-09-21T11:02:25 IST" description="BrokenLinks Checking" data-provider="BrokenLinks" finished-at="2020-09-21T11:05:04 IST">
          <params>
            <param index="0">
              <value>
                <![CDATA[https://www.jio.com]]>
              </value>
            </param>
          </params>
          <reporter-output>
            <line>
              <![CDATA[ <h2> TS_WEB_002 :: To verify broken links of the web page. </h2>]]>
            </line>
            <line>
              <![CDATA[<h3> WebLink for which broken link is been checked  : -  <a> https://www.jio.com </a> </h3>]]>
            </line>
            <line>
              <![CDATA[<h4> Link Size : 34 </h4> ]]>
            </line>
            <line>
              <![CDATA[ <h4>List of Broken Links </h4>]]>
            </line>
            <line>
              <![CDATA[<br></br><img src="pass.png" height="18" width="18"><Strong><font color=#008000>Pass</font></strong>]]>
            </line>
            <line>
              <![CDATA[https://www.jiosaavn.com/featured/weekly-top-15-hindi/8MT-LQlP35c_ -  <br> is a valid link.]]>
            </line>
            <line>
              <![CDATA[<br> <br>]]>
            </line>
            <line>
              <![CDATA[<br></br><img src="pass.png" height="18" width="18"><Strong><font color=#008000>Pass</font></strong>]]>
            </line>
            <line>
              <![CDATA[https://www.jiosaavn.com/ -  <br> is a valid link.]]>
            </line>
            <line>
              <![CDATA[<br> <br>]]>
            </line>
            <line>
              <![CDATA[<br></br><img src="pass.png" height="18" width="18"><Strong><font color=#008000>Pass</font></strong>]]>
            </line>
            <line>
              <![CDATA[https://www.jio.com/index-old.html -  <br> is a valid link.]]>
            </line>
            <line>
              <![CDATA[<br> <br>]]>
            </line>
            <line>
              <![CDATA[<br></br><img src="pass.png" height="18" width="18"><Strong><font color=#008000>Pass</font></strong>]]>
            </line>
            <line>
              <![CDATA[https://www.jio.com/fiber.html -  <br> is a valid link.]]>
            </line>
            <line>
              <![CDATA[<br> <br>]]>
            </line>
            <line>
              <![CDATA[<br></br><img src="pass.png" height="18" width="18"><Strong><font color=#008000>Pass</font></strong>]]>
            </line>
            <line>
              <![CDATA[https://www.jio.com/shop/cart -  <br> is a valid link.]]>
            </line>
            <line>
              <![CDATA[<br> <br>]]>
            </line>
            <line>
              <![CDATA[<br></br><img src="pass.png" height="18" width="18"><Strong><font color=#008000>Pass</font></strong>]]>
            </line>
            <line>
              <![CDATA[https://www.jio.com/welcome# -  <br> is a valid link.]]>
            </line>
            <line>
              <![CDATA[<br> <br>]]>
            </line>
            <line>
              <![CDATA[<br></br><img src="pass.png" height="18" width="18"><Strong><font color=#008000>Pass</font></strong>]]>
            </line>
            <line>
              <![CDATA[http://www.jio.com/zla/rechargenow -  <br> is a valid link.]]>
            </line>
            <line>
              <![CDATA[<br> <br>]]>
            </line>
            <line>
              <![CDATA[<br></br><img src="pass.png" height="18" width="18"><Strong><font color=#008000>Pass</font></strong>]]>
            </line>
            <line>
              <![CDATA[https://www.jio.com/JioApp/index.html?root=payBillNow -  <br> is a valid link.]]>
            </line>
            <line>
              <![CDATA[<br> <br>]]>
            </line>
            <line>
              <![CDATA[<br></br><img src="pass.png" height="18" width="18"><Strong><font color=#008000>Pass</font></strong>]]>
            </line>
            <line>
              <![CDATA[https://www.jio.com/dashboard/index.html?root=dashboard/myAccount -  <br> is a valid link.]]>
            </line>
            <line>
              <![CDATA[<br> <br>]]>
            </line>
            <line>
              <![CDATA[<br></br><img src="pass.png" height="18" width="18"><Strong><font color=#008000>Pass</font></strong>]]>
            </line>
            <line>
              <![CDATA[https://www.jio.com/dashboard/index.html?root=dashboard/manageAccounts -  <br> is a valid link.]]>
            </line>
            <line>
              <![CDATA[<br> <br>]]>
            </line>
            <line>
              <![CDATA[<br></br><img src="pass.png" height="18" width="18"><Strong><font color=#008000>Pass</font></strong>]]>
            </line>
            <line>
              <![CDATA[https://www.jio.com/selfcare/dashboard/mobility/order-tracking/ -  <br> is a valid link.]]>
            </line>
            <line>
              <![CDATA[<br> <br>]]>
            </line>
            <line>
              <![CDATA[<br></br><img src="pass.png" height="18" width="18"><Strong><font color=#008000>Pass</font></strong>]]>
            </line>
            <line>
              <![CDATA[https://www.jio.com/dashboard/index.html?root=dashboard/manageSupport -  <br> is a valid link.]]>
            </line>
            <line>
              <![CDATA[<br> <br>]]>
            </line>
            <line>
              <![CDATA[<br></br><img src="pass.png" height="18" width="18"><Strong><font color=#008000>Pass</font></strong>]]>
            </line>
            <line>
              <![CDATA[https://www.jio.com/selfcare/signout -  <br> is a valid link.]]>
            </line>
            <line>
              <![CDATA[<br> <br>]]>
            </line>
            <line>
              <![CDATA[<br></br><img src="pass.png" height="18" width="18"><Strong><font color=#008000>Pass</font></strong>]]>
            </line>
            <line>
              <![CDATA[https://www.jio.com/ -  <br> is a valid link.]]>
            </line>
            <line>
              <![CDATA[<br> <br>]]>
            </line>
            <line>
              <![CDATA[<br></br><img src="pass.png" height="18" width="18"><Strong><font color=#008000>Pass</font></strong>]]>
            </line>
            <line>
              <![CDATA[https://www.jio.com/index-old.html -  <br> is a valid link.]]>
            </line>
            <line>
              <![CDATA[<br> <br>]]>
            </line>
            <line>
              <![CDATA[<br></br><img src="pass.png" height="18" width="18"><Strong><font color=#008000>Pass</font></strong>]]>
            </line>
            <line>
              <![CDATA[https://www.jio.com/fiber.html -  <br> is a valid link.]]>
            </line>
            <line>
              <![CDATA[<br> <br>]]>
            </line>
            <line>
              <![CDATA[<br></br><img src="pass.png" height="18" width="18"><Strong><font color=#008000>Pass</font></strong>]]>
            </line>
            <line>
              <![CDATA[https://www.jio.com/welcome# -  <br> is a valid link.]]>
            </line>
            <line>
              <![CDATA[<br> <br>]]>
            </line>
            <line>
              <![CDATA[<br></br><img src="pass.png" height="18" width="18"><Strong><font color=#008000>Pass</font></strong>]]>
            </line>
            <line>
              <![CDATA[https://www.jio.com/en-in/4g-plans -  <br> is a valid link.]]>
            </line>
            <line>
              <![CDATA[<br> <br>]]>
            </line>
            <line>
              <![CDATA[<br></br><img src="pass.png" height="18" width="18"><Strong><font color=#008000>Pass</font></strong>]]>
            </line>
            <line>
              <![CDATA[https://www.jio.com/shop/en-in/c/jiofi -  <br> is a valid link.]]>
            </line>
            <line>
              <![CDATA[<br> <br>]]>
            </line>
            <line>
              <![CDATA[<br></br><img src="pass.png" height="18" width="18"><Strong><font color=#008000>Pass</font></strong>]]>
            </line>
            <line>
              <![CDATA[https://www.jio.com/en-in/apps -  <br> is a valid link.]]>
            </line>
            <line>
              <![CDATA[<br> <br>]]>
            </line>
            <line>
              <![CDATA[<br></br><img src="pass.png" height="18" width="18"><Strong><font color=#008000>Pass</font></strong>]]>
            </line>
            <line>
              <![CDATA[https://www.jio.com/en-in/jio-home-delivery-book-appointment.html -  <br> is a valid link.]]>
            </line>
            <line>
              <![CDATA[<br> <br>]]>
            </line>
            <line>
              <![CDATA[<br></br><img src="pass.png" height="18" width="18"><Strong><font color=#008000>Pass</font></strong>]]>
            </line>
            <line>
              <![CDATA[https://www.jio.com/en-in/selfhelp -  <br> is a valid link.]]>
            </line>
            <line>
              <![CDATA[<br> <br>]]>
            </line>
            <line>
              <![CDATA[<br></br><img src="pass.png" height="18" width="18"><Strong><font color=#008000>Pass</font></strong>]]>
            </line>
            <line>
              <![CDATA[http://www.jio.com/zla/rechargenow -  <br> is a valid link.]]>
            </line>
            <line>
              <![CDATA[<br> <br>]]>
            </line>
            <line>
              <![CDATA[<br></br><img src="pass.png" height="18" width="18"><Strong><font color=#008000>Pass</font></strong>]]>
            </line>
            <line>
              <![CDATA[https://www.jio.com/JioApp/index.html?root=payBillNow -  <br> is a valid link.]]>
            </line>
            <line>
              <![CDATA[<br> <br>]]>
            </line>
            <line>
              <![CDATA[<br></br><img src="pass.png" height="18" width="18"><Strong><font color=#008000>Pass</font></strong>]]>
            </line>
            <line>
              <![CDATA[https://www.jio.com/dashboard -  <br> is a valid link.]]>
            </line>
            <line>
              <![CDATA[<br> <br>]]>
            </line>
            <line>
              <![CDATA[<br></br><img src="pass.png" height="18" width="18"><Strong><font color=#008000>Pass</font></strong>]]>
            </line>
            <line>
              <![CDATA[https://www.jio.com/welcome# -  <br> is a valid link.]]>
            </line>
            <line>
              <![CDATA[<br> <br>]]>
            </line>
            <line>
              <![CDATA[<br></br><img src="pass.png" height="18" width="18"><Strong><font color=#008000>Pass</font></strong>]]>
            </line>
            <line>
              <![CDATA[https://www.jio.com/dashboard/index.html?root=dashboard/myAccount -  <br> is a valid link.]]>
            </line>
            <line>
              <![CDATA[<br> <br>]]>
            </line>
            <line>
              <![CDATA[<br></br><img src="pass.png" height="18" width="18"><Strong><font color=#008000>Pass</font></strong>]]>
            </line>
            <line>
              <![CDATA[https://www.jio.com/dashboard/index.html?root=dashboard/manageAccounts -  <br> is a valid link.]]>
            </line>
            <line>
              <![CDATA[<br> <br>]]>
            </line>
            <line>
              <![CDATA[<br></br><img src="pass.png" height="18" width="18"><Strong><font color=#008000>Pass</font></strong>]]>
            </line>
            <line>
              <![CDATA[https://www.jio.com/selfcare/dashboard/mobility/order-tracking/ -  <br> is a valid link.]]>
            </line>
            <line>
              <![CDATA[<br> <br>]]>
            </line>
            <line>
              <![CDATA[<br></br><img src="pass.png" height="18" width="18"><Strong><font color=#008000>Pass</font></strong>]]>
            </line>
            <line>
              <![CDATA[https://www.jio.com/dashboard/index.html?root=dashboard/manageSupport -  <br> is a valid link.]]>
            </line>
            <line>
              <![CDATA[<br> <br>]]>
            </line>
            <line>
              <![CDATA[<br></br><img src="pass.png" height="18" width="18"><Strong><font color=#008000>Pass</font></strong>]]>
            </line>
            <line>
              <![CDATA[https://www.jio.com/selfcare/signout -  <br> is a valid link.]]>
            </line>
            <line>
              <![CDATA[<br> <br>]]>
            </line>
            <line>
              <![CDATA[<br></br><img src="pass.png" height="18" width="18"><Strong><font color=#008000>Pass</font></strong>]]>
            </line>
            <line>
              <![CDATA[https://www.jio.com/shop/cart -  <br> is a valid link.]]>
            </line>
            <line>
              <![CDATA[<br> <br>]]>
            </line>
            <line>
              <![CDATA[<br></br><img src="pass.png" height="18" width="18"><Strong><font color=#008000>Pass</font></strong>]]>
            </line>
            <line>
              <![CDATA[https://www.jio.com/fiber.html -  <br> is a valid link.]]>
            </line>
            <line>
              <![CDATA[<br> <br>]]>
            </line>
            <line>
              <![CDATA[<br></br><img src="pass.png" height="18" width="18"><Strong><font color=#008000>Pass</font></strong>]]>
            </line>
            <line>
              <![CDATA[https://www.jio.com/index.html -  <br> is a valid link.]]>
            </line>
            <line>
              <![CDATA[<br> <br>]]>
            </line>
          </reporter-output>
        </test-method> <!-- BrokenLinkTestCase -->
        <test-method status="FAIL" signature="BrokenLinkTestCase(java.lang.String)[pri:1, instance:com.Zain.BrokenLinks@7857fe2]" name="BrokenLinkTestCase" duration-ms="88398" started-at="2020-09-21T11:05:04 IST" description="BrokenLinks Checking" data-provider="BrokenLinks" finished-at="2020-09-21T11:06:33 IST">
          <params>
            <param index="0">
              <value>
                <![CDATA[https://www.jio.com/shop/en-in/c/jiofi]]>
              </value>
            </param>
          </params>
          <exception class="java.lang.AssertionError">
            <message>
              <![CDATA[Test Verification failed, please check test log1s.]]>
            </message>
            <full-stacktrace>
              <![CDATA[java.lang.AssertionError: Test Verification failed, please check test log1s.
at org.testng.Assert.fail(Assert.java:99)
at com.Zain.BrokenLinks.BrokenLinkTestCase(BrokenLinks.java:114)
at sun.reflect.NativeMethodAccessorImpl.invoke0(Native Method)
at sun.reflect.NativeMethodAccessorImpl.invoke(NativeMethodAccessorImpl.java:62)
at sun.reflect.DelegatingMethodAccessorImpl.invoke(DelegatingMethodAccessorImpl.java:43)
at java.lang.reflect.Method.invoke(Method.java:498)
at org.testng.internal.MethodInvocationHelper.invokeMethod(MethodInvocationHelper.java:132)
at org.testng.internal.TestInvoker.invokeMethod(TestInvoker.java:599)
at org.testng.internal.TestInvoker.invokeTestMethod(TestInvoker.java:174)
at org.testng.internal.MethodRunner.runInSequence(MethodRunner.java:46)
at org.testng.internal.TestInvoker$MethodInvocationAgent.invoke(TestInvoker.java:822)
at org.testng.internal.TestInvoker.invokeTestMethods(TestInvoker.java:147)
at org.testng.internal.TestMethodWorker.invokeTestMethods(TestMethodWorker.java:146)
at org.testng.internal.TestMethodWorker.run(TestMethodWorker.java:128)
at java.util.ArrayList.forEach(ArrayList.java:1259)
at org.testng.TestRunner.privateRun(TestRunner.java:764)
at org.testng.TestRunner.run(TestRunner.java:585)
at org.testng.SuiteRunner.runTest(SuiteRunner.java:384)
at org.testng.SuiteRunner.runSequentially(SuiteRunner.java:378)
at org.testng.SuiteRunner.privateRun(SuiteRunner.java:337)
at org.testng.SuiteRunner.run(SuiteRunner.java:286)
at org.testng.SuiteRunnerWorker.runSuite(SuiteRunnerWorker.java:53)
at org.testng.SuiteRunnerWorker.run(SuiteRunnerWorker.java:96)
at org.testng.TestNG.runSuitesSequentially(TestNG.java:1218)
at org.testng.TestNG.runSuitesLocally(TestNG.java:1140)
at org.testng.TestNG.runSuites(TestNG.java:1069)
at org.testng.TestNG.run(TestNG.java:1037)
at com.intellij.rt.testng.IDEARemoteTestNG.run(IDEARemoteTestNG.java:66)
at com.intellij.rt.testng.RemoteTestNGStarter.main(RemoteTestNGStarter.java:110)
]]>
            </full-stacktrace>
          </exception> <!-- java.lang.AssertionError -->
          <reporter-output>
            <line>
              <![CDATA[ <h2> TS_WEB_002 :: To verify broken links of the web page. </h2>]]>
            </line>
            <line>
              <![CDATA[<h3> WebLink for which broken link is been checked  : -  <a> https://www.jio.com/shop/en-in/c/jiofi </a> </h3>]]>
            </line>
            <line>
              <![CDATA[<h4> Link Size : 99 </h4> ]]>
            </line>
            <line>
              <![CDATA[ <h4>List of Broken Links </h4>]]>
            </line>
            <line>
              <![CDATA[<br></br><img src="pass.png" height="18" width="18"><Strong><font color=#008000>Pass</font></strong>]]>
            </line>
            <line>
              <![CDATA[https://www.jio.com/shop/en-in/c/jiofi -  <br> is a valid link.]]>
            </line>
            <line>
              <![CDATA[<br> <br>]]>
            </line>
            <line>
              <![CDATA[<br></br><img src="pass.png" height="18" width="18"><Strong><font color=#008000>Pass</font></strong>]]>
            </line>
            <line>
              <![CDATA[https://www.jio.com/fiber.html -  <br> is a valid link.]]>
            </line>
            <line>
              <![CDATA[<br> <br>]]>
            </line>
            <line>
              <![CDATA[<br></br><img src="pass.png" height="18" width="18"><Strong><font color=#008000>Pass</font></strong>]]>
            </line>
            <line>
              <![CDATA[https://www.jio.com/shop/cart -  <br> is a valid link.]]>
            </line>
            <line>
              <![CDATA[<br> <br>]]>
            </line>
            <line>
              <![CDATA[<br></br><img src="pass.png" height="18" width="18"><Strong><font color=#008000>Pass</font></strong>]]>
            </line>
            <line>
              <![CDATA[https://www.jio.com/shop/en-in/c/jiofi# -  <br> is a valid link.]]>
            </line>
            <line>
              <![CDATA[<br> <br>]]>
            </line>
            <line>
              <![CDATA[<br></br><img src="pass.png" height="18" width="18"><Strong><font color=#008000>Pass</font></strong>]]>
            </line>
            <line>
              <![CDATA[https://www.jio.com/en-in/4g-plans -  <br> is a valid link.]]>
            </line>
            <line>
              <![CDATA[<br> <br>]]>
            </line>
            <line>
              <![CDATA[<br></br><img src="pass.png" height="18" width="18"><Strong><font color=#008000>Pass</font></strong>]]>
            </line>
            <line>
              <![CDATA[https://www.jio.com/shop/c/JioFi -  <br> is a valid link.]]>
            </line>
            <line>
              <![CDATA[<br> <br>]]>
            </line>
            <line>
              <![CDATA[<br></br><img src="pass.png" height="18" width="18"><Strong><font color=#008000>Pass</font></strong>]]>
            </line>
            <line>
              <![CDATA[https://www.jio.com/en-in/apps -  <br> is a valid link.]]>
            </line>
            <line>
              <![CDATA[<br> <br>]]>
            </line>
            <line>
              <![CDATA[<br></br><img src="pass.png" height="18" width="18"><Strong><font color=#008000>Pass</font></strong>]]>
            </line>
            <line>
              <![CDATA[https://www.jio.com/en-in/jio-home-delivery-book-appointment.html -  <br> is a valid link.]]>
            </line>
            <line>
              <![CDATA[<br> <br>]]>
            </line>
            <line>
              <![CDATA[<br></br><img src="pass.png" height="18" width="18"><Strong><font color=#008000>Pass</font></strong>]]>
            </line>
            <line>
              <![CDATA[http://www.jio.com/ -  <br> is a valid link.]]>
            </line>
            <line>
              <![CDATA[<br> <br>]]>
            </line>
            <line>
              <![CDATA[<br></br><img src="pass.png" height="18" width="18"><Strong><font color=#008000>Pass</font></strong>]]>
            </line>
            <line>
              <![CDATA[https://www.jio.com/en-in/selfhelp -  <br> is a valid link.]]>
            </line>
            <line>
              <![CDATA[<br> <br>]]>
            </line>
            <line>
              <![CDATA[<br></br><img src="pass.png" height="18" width="18"><Strong><font color=#008000>Pass</font></strong>]]>
            </line>
            <line>
              <![CDATA[https://www.jio.com/shop/en-in/c/jiofi# -  <br> is a valid link.]]>
            </line>
            <line>
              <![CDATA[<br> <br>]]>
            </line>
            <line>
              <![CDATA[<br></br><img src="pass.png" height="18" width="18"><Strong><font color=#008000>Pass</font></strong>]]>
            </line>
            <line>
              <![CDATA[https://www.jio.com/selfcare/recharge/mobility/ -  <br> is a valid link.]]>
            </line>
            <line>
              <![CDATA[<br> <br>]]>
            </line>
            <line>
              <![CDATA[<br></br><img src="pass.png" height="18" width="18"><Strong><font color=#008000>Pass</font></strong>]]>
            </line>
            <line>
              <![CDATA[https://www.jio.com/shop/en-in/c/jiofi# -  <br> is a valid link.]]>
            </line>
            <line>
              <![CDATA[<br> <br>]]>
            </line>
            <line>
              <![CDATA[<br></br><img src="pass.png" height="18" width="18"><Strong><font color=#008000>Pass</font></strong>]]>
            </line>
            <line>
              <![CDATA[https://www.jio.com/JioApp/index.html?root=payBillNow -  <br> is a valid link.]]>
            </line>
            <line>
              <![CDATA[<br> <br>]]>
            </line>
            <line>
              <![CDATA[<br></br><img src="pass.png" height="18" width="18"><Strong><font color=#008000>Pass</font></strong>]]>
            </line>
            <line>
              <![CDATA[https://www.jio.com/dashboard/ -  <br> is a valid link.]]>
            </line>
            <line>
              <![CDATA[<br> <br>]]>
            </line>
            <line>
              <![CDATA[<br></br><img src="pass.png" height="18" width="18"><Strong><font color=#008000>Pass</font></strong>]]>
            </line>
            <line>
              <![CDATA[https://www.jio.com/dashboard/index.html?root=dashboard/myAccount -  <br> is a valid link.]]>
            </line>
            <line>
              <![CDATA[<br> <br>]]>
            </line>
            <line>
              <![CDATA[<br></br><img src="pass.png" height="18" width="18"><Strong><font color=#008000>Pass</font></strong>]]>
            </line>
            <line>
              <![CDATA[https://www.jio.com/Jio/portal/aboutMe?_adf.ctrl-state=b2hkomc53_4 -  <br> is a valid link.]]>
            </line>
            <line>
              <![CDATA[<br> <br>]]>
            </line>
            <line>
              <![CDATA[<br></br><img src="pass.png" height="18" width="18"><Strong><font color=#008000>Pass</font></strong>]]>
            </line>
            <line>
              <![CDATA[https://www.jio.com/dashboard/index.html?root=dashboard/manageAccounts -  <br> is a valid link.]]>
            </line>
            <line>
              <![CDATA[<br> <br>]]>
            </line>
            <line>
              <![CDATA[<br></br><img src="pass.png" height="18" width="18"><Strong><font color=#008000>Pass</font></strong>]]>
            </line>
            <line>
              <![CDATA[https://www.jio.com/selfcare/dashboard/mobility/order-tracking/ -  <br> is a valid link.]]>
            </line>
            <line>
              <![CDATA[<br> <br>]]>
            </line>
            <line>
              <![CDATA[<br></br><img src="pass.png" height="18" width="18"><Strong><font color=#008000>Pass</font></strong>]]>
            </line>
            <line>
              <![CDATA[https://www.jio.com/dashboard/index.html?root=dashboard/manageSupport -  <br> is a valid link.]]>
            </line>
            <line>
              <![CDATA[<br> <br>]]>
            </line>
            <line>
              <![CDATA[<br></br><img src="fail.png" alt="Fail" height="18" width="18"><Strong><font color=#ff0000>Fail</font></strong>]]>
            </line>
            <line>
              <![CDATA[https://www.jio.com/shop/en-in/c/quick-recharge.html -  <br> is a broken link.]]>
            </line>
            <line>
              <![CDATA[<br> <br>]]>
            </line>
          </reporter-output>
        </test-method> <!-- BrokenLinkTestCase -->
        <test-method status="PASS" signature="suiteTearDown()[pri:0, instance:com.Zain.BrokenLinks@7857fe2]" name="suiteTearDown" is-config="true" duration-ms="902" started-at="2020-09-21T11:06:33 IST" finished-at="2020-09-21T11:06:34 IST">
          <reporter-output>
          </reporter-output>
        </test-method> <!-- suiteTearDown -->
      </class> <!-- com.Zain.BrokenLinks -->
    </test> <!-- TBLOCKS_WEB_POC -->
  </suite> <!-- Default Suite -->
</testng-results>
